mode: set
github.com/benjaminabbitt/angzarr/client/go/builder.go:25.96,31.2 1 1
github.com/benjaminabbitt/angzarr/client/go/builder.go:34.83,39.2 1 1
github.com/benjaminabbitt/angzarr/client/go/builder.go:42.71,45.2 2 1
github.com/benjaminabbitt/angzarr/client/go/builder.go:48.67,51.2 2 1
github.com/benjaminabbitt/angzarr/client/go/builder.go:54.89,56.16 2 1
github.com/benjaminabbitt/angzarr/client/go/builder.go:56.16,59.3 2 0
github.com/benjaminabbitt/angzarr/client/go/builder.go:60.2,62.10 3 1
github.com/benjaminabbitt/angzarr/client/go/builder.go:66.59,67.18 1 1
github.com/benjaminabbitt/angzarr/client/go/builder.go:67.18,69.3 1 1
github.com/benjaminabbitt/angzarr/client/go/builder.go:70.2,70.21 1 1
github.com/benjaminabbitt/angzarr/client/go/builder.go:70.21,72.3 1 1
github.com/benjaminabbitt/angzarr/client/go/builder.go:73.2,73.22 1 1
github.com/benjaminabbitt/angzarr/client/go/builder.go:73.22,75.3 1 1
github.com/benjaminabbitt/angzarr/client/go/builder.go:77.2,78.25 2 1
github.com/benjaminabbitt/angzarr/client/go/builder.go:78.25,80.3 1 1
github.com/benjaminabbitt/angzarr/client/go/builder.go:82.2,86.19 2 1
github.com/benjaminabbitt/angzarr/client/go/builder.go:86.19,88.3 1 1
github.com/benjaminabbitt/angzarr/client/go/builder.go:90.2,96.8 1 1
github.com/benjaminabbitt/angzarr/client/go/builder.go:100.84,102.16 2 0
github.com/benjaminabbitt/angzarr/client/go/builder.go:102.16,104.3 1 0
github.com/benjaminabbitt/angzarr/client/go/builder.go:105.2,105.34 1 0
github.com/benjaminabbitt/angzarr/client/go/builder.go:121.88,127.2 1 1
github.com/benjaminabbitt/angzarr/client/go/builder.go:130.78,135.2 1 1
github.com/benjaminabbitt/angzarr/client/go/builder.go:138.65,142.2 3 1
github.com/benjaminabbitt/angzarr/client/go/builder.go:145.66,148.2 2 1
github.com/benjaminabbitt/angzarr/client/go/builder.go:151.58,154.2 2 1
github.com/benjaminabbitt/angzarr/client/go/builder.go:157.67,160.2 2 1
github.com/benjaminabbitt/angzarr/client/go/builder.go:163.63,168.2 2 1
github.com/benjaminabbitt/angzarr/client/go/builder.go:171.63,173.16 2 1
github.com/benjaminabbitt/angzarr/client/go/builder.go:173.16,176.3 2 1
github.com/benjaminabbitt/angzarr/client/go/builder.go:177.2,180.10 2 1
github.com/benjaminabbitt/angzarr/client/go/builder.go:184.51,185.18 1 1
github.com/benjaminabbitt/angzarr/client/go/builder.go:185.18,187.3 1 1
github.com/benjaminabbitt/angzarr/client/go/builder.go:189.2,193.19 2 1
github.com/benjaminabbitt/angzarr/client/go/builder.go:193.19,195.3 1 1
github.com/benjaminabbitt/angzarr/client/go/builder.go:196.2,196.21 1 1
github.com/benjaminabbitt/angzarr/client/go/builder.go:196.21,198.3 1 1
github.com/benjaminabbitt/angzarr/client/go/builder.go:200.2,201.26 2 1
github.com/benjaminabbitt/angzarr/client/go/builder.go:201.26,203.3 1 1
github.com/benjaminabbitt/angzarr/client/go/builder.go:203.8,203.30 1 1
github.com/benjaminabbitt/angzarr/client/go/builder.go:203.30,205.3 1 1
github.com/benjaminabbitt/angzarr/client/go/builder.go:206.2,206.15 1 1
github.com/benjaminabbitt/angzarr/client/go/builder.go:210.81,212.16 2 1
github.com/benjaminabbitt/angzarr/client/go/builder.go:212.16,214.3 1 1
github.com/benjaminabbitt/angzarr/client/go/builder.go:215.2,215.42 1 0
github.com/benjaminabbitt/angzarr/client/go/builder.go:219.80,221.16 2 0
github.com/benjaminabbitt/angzarr/client/go/builder.go:221.16,223.3 1 0
github.com/benjaminabbitt/angzarr/client/go/builder.go:224.2,224.39 1 0
github.com/benjaminabbitt/angzarr/client/go/builder.go:228.79,230.16 2 1
github.com/benjaminabbitt/angzarr/client/go/builder.go:230.16,232.3 1 1
github.com/benjaminabbitt/angzarr/client/go/builder.go:233.2,233.24 1 0
github.com/benjaminabbitt/angzarr/client/go/builder.go:239.82,241.2 1 1
github.com/benjaminabbitt/angzarr/client/go/builder.go:244.69,246.2 1 1
github.com/benjaminabbitt/angzarr/client/go/builder.go:249.74,251.2 1 1
github.com/benjaminabbitt/angzarr/client/go/builder.go:254.64,256.2 1 1
github.com/benjaminabbitt/angzarr/client/go/builder.go:261.79,263.2 1 1
github.com/benjaminabbitt/angzarr/client/go/builder.go:266.66,268.2 1 1
github.com/benjaminabbitt/angzarr/client/go/builder.go:271.78,273.2 1 1
github.com/benjaminabbitt/angzarr/client/go/builder.go:276.68,278.2 1 1
github.com/benjaminabbitt/angzarr/client/go/client.go:19.60,21.16 2 1
github.com/benjaminabbitt/angzarr/client/go/client.go:21.16,23.3 1 0
github.com/benjaminabbitt/angzarr/client/go/client.go:24.2,27.8 1 1
github.com/benjaminabbitt/angzarr/client/go/client.go:31.79,33.20 2 1
github.com/benjaminabbitt/angzarr/client/go/client.go:33.20,35.3 1 1
github.com/benjaminabbitt/angzarr/client/go/client.go:36.2,36.33 1 1
github.com/benjaminabbitt/angzarr/client/go/client.go:40.62,45.2 1 1
github.com/benjaminabbitt/angzarr/client/go/client.go:48.97,50.16 2 1
github.com/benjaminabbitt/angzarr/client/go/client.go:50.16,52.3 1 1
github.com/benjaminabbitt/angzarr/client/go/client.go:53.2,53.18 1 1
github.com/benjaminabbitt/angzarr/client/go/client.go:57.96,59.16 2 1
github.com/benjaminabbitt/angzarr/client/go/client.go:59.16,61.3 1 1
github.com/benjaminabbitt/angzarr/client/go/client.go:63.2,64.6 2 0
github.com/benjaminabbitt/angzarr/client/go/client.go:64.6,66.17 2 0
github.com/benjaminabbitt/angzarr/client/go/client.go:66.17,67.9 1 0
github.com/benjaminabbitt/angzarr/client/go/client.go:69.3,69.33 1 0
github.com/benjaminabbitt/angzarr/client/go/client.go:71.2,71.20 1 0
github.com/benjaminabbitt/angzarr/client/go/client.go:75.37,76.19 1 1
github.com/benjaminabbitt/angzarr/client/go/client.go:76.19,78.3 1 0
github.com/benjaminabbitt/angzarr/client/go/client.go:79.2,79.12 1 1
github.com/benjaminabbitt/angzarr/client/go/client.go:89.68,91.16 2 1
github.com/benjaminabbitt/angzarr/client/go/client.go:91.16,93.3 1 0
github.com/benjaminabbitt/angzarr/client/go/client.go:94.2,97.8 1 1
github.com/benjaminabbitt/angzarr/client/go/client.go:101.87,103.20 2 1
github.com/benjaminabbitt/angzarr/client/go/client.go:103.20,105.3 1 1
github.com/benjaminabbitt/angzarr/client/go/client.go:106.2,106.37 1 1
github.com/benjaminabbitt/angzarr/client/go/client.go:110.70,115.2 1 1
github.com/benjaminabbitt/angzarr/client/go/client.go:118.105,120.16 2 1
github.com/benjaminabbitt/angzarr/client/go/client.go:120.16,122.3 1 1
github.com/benjaminabbitt/angzarr/client/go/client.go:123.2,123.18 1 1
github.com/benjaminabbitt/angzarr/client/go/client.go:127.113,129.16 2 1
github.com/benjaminabbitt/angzarr/client/go/client.go:129.16,131.3 1 1
github.com/benjaminabbitt/angzarr/client/go/client.go:132.2,132.18 1 1
github.com/benjaminabbitt/angzarr/client/go/client.go:136.113,138.16 2 1
github.com/benjaminabbitt/angzarr/client/go/client.go:138.16,140.3 1 1
github.com/benjaminabbitt/angzarr/client/go/client.go:141.2,141.18 1 1
github.com/benjaminabbitt/angzarr/client/go/client.go:145.41,146.19 1 1
github.com/benjaminabbitt/angzarr/client/go/client.go:146.19,148.3 1 0
github.com/benjaminabbitt/angzarr/client/go/client.go:149.2,149.12 1 1
github.com/benjaminabbitt/angzarr/client/go/client.go:159.72,161.16 2 1
github.com/benjaminabbitt/angzarr/client/go/client.go:161.16,163.3 1 0
github.com/benjaminabbitt/angzarr/client/go/client.go:164.2,167.8 1 1
github.com/benjaminabbitt/angzarr/client/go/client.go:171.91,173.20 2 1
github.com/benjaminabbitt/angzarr/client/go/client.go:173.20,175.3 1 0
github.com/benjaminabbitt/angzarr/client/go/client.go:176.2,176.39 1 1
github.com/benjaminabbitt/angzarr/client/go/client.go:180.74,185.2 1 1
github.com/benjaminabbitt/angzarr/client/go/client.go:188.109,190.16 2 1
github.com/benjaminabbitt/angzarr/client/go/client.go:190.16,192.3 1 1
github.com/benjaminabbitt/angzarr/client/go/client.go:193.2,193.18 1 1
github.com/benjaminabbitt/angzarr/client/go/client.go:197.119,199.16 2 1
github.com/benjaminabbitt/angzarr/client/go/client.go:199.16,201.3 1 1
github.com/benjaminabbitt/angzarr/client/go/client.go:202.2,202.18 1 1
github.com/benjaminabbitt/angzarr/client/go/client.go:206.111,208.16 2 1
github.com/benjaminabbitt/angzarr/client/go/client.go:208.16,210.3 1 1
github.com/benjaminabbitt/angzarr/client/go/client.go:211.2,211.18 1 1
github.com/benjaminabbitt/angzarr/client/go/client.go:215.135,217.16 2 1
github.com/benjaminabbitt/angzarr/client/go/client.go:217.16,219.3 1 1
github.com/benjaminabbitt/angzarr/client/go/client.go:220.2,220.18 1 1
github.com/benjaminabbitt/angzarr/client/go/client.go:224.43,225.19 1 1
github.com/benjaminabbitt/angzarr/client/go/client.go:225.19,227.3 1 0
github.com/benjaminabbitt/angzarr/client/go/client.go:228.2,228.12 1 1
github.com/benjaminabbitt/angzarr/client/go/client.go:239.62,241.16 2 1
github.com/benjaminabbitt/angzarr/client/go/client.go:241.16,243.3 1 0
github.com/benjaminabbitt/angzarr/client/go/client.go:244.2,248.8 1 1
github.com/benjaminabbitt/angzarr/client/go/client.go:252.81,254.20 2 1
github.com/benjaminabbitt/angzarr/client/go/client.go:254.20,256.3 1 0
github.com/benjaminabbitt/angzarr/client/go/client.go:257.2,257.34 1 1
github.com/benjaminabbitt/angzarr/client/go/client.go:261.64,267.2 1 1
github.com/benjaminabbitt/angzarr/client/go/client.go:270.103,272.2 1 1
github.com/benjaminabbitt/angzarr/client/go/client.go:275.38,276.19 1 1
github.com/benjaminabbitt/angzarr/client/go/client.go:276.19,278.3 1 0
github.com/benjaminabbitt/angzarr/client/go/client.go:279.2,279.12 1 1
github.com/benjaminabbitt/angzarr/client/go/client.go:291.50,293.16 2 1
github.com/benjaminabbitt/angzarr/client/go/client.go:293.16,295.3 1 0
github.com/benjaminabbitt/angzarr/client/go/client.go:296.2,301.8 1 1
github.com/benjaminabbitt/angzarr/client/go/client.go:305.69,307.20 2 1
github.com/benjaminabbitt/angzarr/client/go/client.go:307.20,309.3 1 0
github.com/benjaminabbitt/angzarr/client/go/client.go:310.2,310.28 1 1
github.com/benjaminabbitt/angzarr/client/go/client.go:314.52,321.2 1 1
github.com/benjaminabbitt/angzarr/client/go/client.go:324.32,325.19 1 1
github.com/benjaminabbitt/angzarr/client/go/client.go:325.19,327.3 1 0
github.com/benjaminabbitt/angzarr/client/go/client.go:328.2,328.12 1 1
github.com/benjaminabbitt/angzarr/client/go/errors.go:35.38,36.20 1 1
github.com/benjaminabbitt/angzarr/client/go/errors.go:36.20,38.3 1 1
github.com/benjaminabbitt/angzarr/client/go/errors.go:39.2,39.18 1 1
github.com/benjaminabbitt/angzarr/client/go/errors.go:42.38,44.2 1 1
github.com/benjaminabbitt/angzarr/client/go/errors.go:47.41,48.41 1 1
github.com/benjaminabbitt/angzarr/client/go/errors.go:48.41,50.3 1 1
github.com/benjaminabbitt/angzarr/client/go/errors.go:51.2,51.44 1 1
github.com/benjaminabbitt/angzarr/client/go/errors.go:51.44,53.3 1 1
github.com/benjaminabbitt/angzarr/client/go/errors.go:54.2,54.22 1 1
github.com/benjaminabbitt/angzarr/client/go/errors.go:58.47,59.41 1 1
github.com/benjaminabbitt/angzarr/client/go/errors.go:59.41,61.3 1 1
github.com/benjaminabbitt/angzarr/client/go/errors.go:62.2,63.10 2 1
github.com/benjaminabbitt/angzarr/client/go/errors.go:67.41,69.2 1 1
github.com/benjaminabbitt/angzarr/client/go/errors.go:72.51,74.2 1 1
github.com/benjaminabbitt/angzarr/client/go/errors.go:77.48,79.2 1 1
github.com/benjaminabbitt/angzarr/client/go/errors.go:82.48,84.2 1 1
github.com/benjaminabbitt/angzarr/client/go/errors.go:89.47,91.2 1 1
github.com/benjaminabbitt/angzarr/client/go/errors.go:94.45,96.2 1 1
github.com/benjaminabbitt/angzarr/client/go/errors.go:99.40,101.2 1 1
github.com/benjaminabbitt/angzarr/client/go/errors.go:104.52,106.2 1 1
github.com/benjaminabbitt/angzarr/client/go/errors.go:109.53,111.2 1 1
github.com/benjaminabbitt/angzarr/client/go/errors.go:114.36,117.2 2 1
github.com/benjaminabbitt/angzarr/client/go/errors.go:120.44,122.32 2 1
github.com/benjaminabbitt/angzarr/client/go/errors.go:122.32,124.3 1 1
github.com/benjaminabbitt/angzarr/client/go/errors.go:125.2,125.12 1 1
github.com/benjaminabbitt/angzarr/client/go/helpers.go:29.39,30.23 1 1
github.com/benjaminabbitt/angzarr/client/go/helpers.go:31.21,32.22 1 1
github.com/benjaminabbitt/angzarr/client/go/helpers.go:33.23,34.22 1 1
github.com/benjaminabbitt/angzarr/client/go/helpers.go:35.17,36.22 1 1
github.com/benjaminabbitt/angzarr/client/go/helpers.go:37.17,38.11 1 1
github.com/benjaminabbitt/angzarr/client/go/helpers.go:39.10,40.13 1 1
github.com/benjaminabbitt/angzarr/client/go/helpers.go:45.35,47.32 2 1
github.com/benjaminabbitt/angzarr/client/go/helpers.go:47.32,49.3 1 1
github.com/benjaminabbitt/angzarr/client/go/helpers.go:50.2,50.17 1 1
github.com/benjaminabbitt/angzarr/client/go/helpers.go:54.42,56.14 2 1
github.com/benjaminabbitt/angzarr/client/go/helpers.go:56.14,58.3 1 1
github.com/benjaminabbitt/angzarr/client/go/helpers.go:59.2,59.24 1 1
github.com/benjaminabbitt/angzarr/client/go/helpers.go:63.43,65.2 1 1
github.com/benjaminabbitt/angzarr/client/go/helpers.go:68.48,70.31 2 1
github.com/benjaminabbitt/angzarr/client/go/helpers.go:70.31,72.3 1 1
github.com/benjaminabbitt/angzarr/client/go/helpers.go:73.2,74.16 2 1
github.com/benjaminabbitt/angzarr/client/go/helpers.go:74.16,76.3 1 1
github.com/benjaminabbitt/angzarr/client/go/helpers.go:77.2,77.16 1 1
github.com/benjaminabbitt/angzarr/client/go/helpers.go:81.38,83.31 2 1
github.com/benjaminabbitt/angzarr/client/go/helpers.go:83.31,85.3 1 1
github.com/benjaminabbitt/angzarr/client/go/helpers.go:86.2,86.41 1 1
github.com/benjaminabbitt/angzarr/client/go/helpers.go:90.36,92.58 2 1
github.com/benjaminabbitt/angzarr/client/go/helpers.go:92.58,94.3 1 1
github.com/benjaminabbitt/angzarr/client/go/helpers.go:95.2,95.23 1 1
github.com/benjaminabbitt/angzarr/client/go/helpers.go:99.40,101.58 2 1
github.com/benjaminabbitt/angzarr/client/go/helpers.go:101.58,103.3 1 1
github.com/benjaminabbitt/angzarr/client/go/helpers.go:104.2,104.24 1 1
github.com/benjaminabbitt/angzarr/client/go/helpers.go:108.39,110.2 1 1
github.com/benjaminabbitt/angzarr/client/go/helpers.go:113.37,115.2 1 1
github.com/benjaminabbitt/angzarr/client/go/helpers.go:120.40,122.2 1 1
github.com/benjaminabbitt/angzarr/client/go/helpers.go:125.49,126.14 1 1
github.com/benjaminabbitt/angzarr/client/go/helpers.go:126.14,128.3 1 1
github.com/benjaminabbitt/angzarr/client/go/helpers.go:129.2,129.32 1 1
github.com/benjaminabbitt/angzarr/client/go/helpers.go:135.33,137.2 1 1
github.com/benjaminabbitt/angzarr/client/go/helpers.go:140.47,142.2 1 1
github.com/benjaminabbitt/angzarr/client/go/helpers.go:145.83,147.2 1 1
github.com/benjaminabbitt/angzarr/client/go/helpers.go:150.41,152.2 1 1
github.com/benjaminabbitt/angzarr/client/go/helpers.go:155.56,156.14 1 1
github.com/benjaminabbitt/angzarr/client/go/helpers.go:156.14,158.3 1 1
github.com/benjaminabbitt/angzarr/client/go/helpers.go:159.2,159.34 1 1
github.com/benjaminabbitt/angzarr/client/go/helpers.go:159.34,160.25 1 1
github.com/benjaminabbitt/angzarr/client/go/helpers.go:160.25,162.4 1 1
github.com/benjaminabbitt/angzarr/client/go/helpers.go:164.2,164.11 1 1
github.com/benjaminabbitt/angzarr/client/go/helpers.go:171.46,172.17 1 1
github.com/benjaminabbitt/angzarr/client/go/helpers.go:172.17,174.3 1 1
github.com/benjaminabbitt/angzarr/client/go/helpers.go:175.2,175.26 1 1
github.com/benjaminabbitt/angzarr/client/go/helpers.go:179.53,180.17 1 1
github.com/benjaminabbitt/angzarr/client/go/helpers.go:180.17,182.3 1 1
github.com/benjaminabbitt/angzarr/client/go/helpers.go:183.2,183.19 1 1
github.com/benjaminabbitt/angzarr/client/go/helpers.go:189.59,190.17 1 1
github.com/benjaminabbitt/angzarr/client/go/helpers.go:190.17,192.3 1 1
github.com/benjaminabbitt/angzarr/client/go/helpers.go:193.2,193.19 1 1
github.com/benjaminabbitt/angzarr/client/go/helpers.go:199.67,200.39 1 1
github.com/benjaminabbitt/angzarr/client/go/helpers.go:200.39,202.3 1 1
github.com/benjaminabbitt/angzarr/client/go/helpers.go:203.2,203.26 1 1
github.com/benjaminabbitt/angzarr/client/go/helpers.go:209.51,211.2 1 1
github.com/benjaminabbitt/angzarr/client/go/helpers.go:214.45,215.54 1 1
github.com/benjaminabbitt/angzarr/client/go/helpers.go:215.54,217.3 1 1
github.com/benjaminabbitt/angzarr/client/go/helpers.go:218.2,218.54 1 1
github.com/benjaminabbitt/angzarr/client/go/helpers.go:218.54,220.3 1 0
github.com/benjaminabbitt/angzarr/client/go/helpers.go:221.2,221.16 1 1
github.com/benjaminabbitt/angzarr/client/go/helpers.go:225.50,227.2 1 1
github.com/benjaminabbitt/angzarr/client/go/helpers.go:232.35,234.2 1 1
github.com/benjaminabbitt/angzarr/client/go/helpers.go:237.69,239.16 2 1
github.com/benjaminabbitt/angzarr/client/go/helpers.go:239.16,241.3 1 1
github.com/benjaminabbitt/angzarr/client/go/helpers.go:242.2,242.32 1 1
github.com/benjaminabbitt/angzarr/client/go/helpers.go:248.104,249.38 1 1
github.com/benjaminabbitt/angzarr/client/go/helpers.go:249.38,251.3 1 1
github.com/benjaminabbitt/angzarr/client/go/helpers.go:252.2,252.53 1 1
github.com/benjaminabbitt/angzarr/client/go/helpers.go:252.53,254.3 1 1
github.com/benjaminabbitt/angzarr/client/go/helpers.go:255.2,255.47 1 1
github.com/benjaminabbitt/angzarr/client/go/helpers.go:259.78,265.2 1 1
github.com/benjaminabbitt/angzarr/client/go/helpers.go:268.110,275.2 1 1
github.com/benjaminabbitt/angzarr/client/go/helpers.go:278.74,283.2 1 1
github.com/benjaminabbitt/angzarr/client/go/helpers.go:286.80,291.2 1 1
github.com/benjaminabbitt/angzarr/client/go/helpers.go:294.80,296.18 2 1
github.com/benjaminabbitt/angzarr/client/go/helpers.go:296.18,298.3 1 1
github.com/benjaminabbitt/angzarr/client/go/helpers.go:299.2,302.3 1 1
github.com/benjaminabbitt/angzarr/client/go/helpers.go:306.82,311.2 1 1
github.com/benjaminabbitt/angzarr/client/go/helpers.go:314.66,316.18 2 1
github.com/benjaminabbitt/angzarr/client/go/helpers.go:316.18,318.3 1 1
github.com/benjaminabbitt/angzarr/client/go/helpers.go:319.2,319.34 1 1
github.com/benjaminabbitt/angzarr/client/go/helpers.go:323.65,329.2 1 1
github.com/benjaminabbitt/angzarr/client/go/helpers.go:332.76,338.2 1 1
github.com/benjaminabbitt/angzarr/client/go/proto/examples/fulfillment.pb.go:34.34,39.2 4 0
github.com/benjaminabbitt/angzarr/client/go/proto/examples/fulfillment.pb.go:41.42,43.2 1 0
github.com/benjaminabbitt/angzarr/client/go/proto/examples/fulfillment.pb.go:45.40,45.41 0 0
github.com/benjaminabbitt/angzarr/client/go/proto/examples/fulfillment.pb.go:47.62,49.14 2 0
github.com/benjaminabbitt/angzarr/client/go/proto/examples/fulfillment.pb.go:49.14,51.34 2 0
github.com/benjaminabbitt/angzarr/client/go/proto/examples/fulfillment.pb.go:51.34,53.4 1 0
github.com/benjaminabbitt/angzarr/client/go/proto/examples/fulfillment.pb.go:54.3,54.12 1 0
github.com/benjaminabbitt/angzarr/client/go/proto/examples/fulfillment.pb.go:56.2,56.24 1 0
github.com/benjaminabbitt/angzarr/client/go/proto/examples/fulfillment.pb.go:60.53,62.2 1 0
github.com/benjaminabbitt/angzarr/client/go/proto/examples/fulfillment.pb.go:64.46,65.14 1 0
github.com/benjaminabbitt/angzarr/client/go/proto/examples/fulfillment.pb.go:65.14,67.3 1 0
github.com/benjaminabbitt/angzarr/client/go/proto/examples/fulfillment.pb.go:68.2,68.11 1 0
github.com/benjaminabbitt/angzarr/client/go/proto/examples/fulfillment.pb.go:71.49,72.14 1 0
github.com/benjaminabbitt/angzarr/client/go/proto/examples/fulfillment.pb.go:72.14,74.3 1 0
github.com/benjaminabbitt/angzarr/client/go/proto/examples/fulfillment.pb.go:75.2,75.12 1 0
github.com/benjaminabbitt/angzarr/client/go/proto/examples/fulfillment.pb.go:85.30,90.2 4 0
github.com/benjaminabbitt/angzarr/client/go/proto/examples/fulfillment.pb.go:92.38,94.2 1 0
github.com/benjaminabbitt/angzarr/client/go/proto/examples/fulfillment.pb.go:96.36,96.37 0 0
github.com/benjaminabbitt/angzarr/client/go/proto/examples/fulfillment.pb.go:98.58,100.14 2 0
github.com/benjaminabbitt/angzarr/client/go/proto/examples/fulfillment.pb.go:100.14,102.34 2 0
github.com/benjaminabbitt/angzarr/client/go/proto/examples/fulfillment.pb.go:102.34,104.4 1 0
github.com/benjaminabbitt/angzarr/client/go/proto/examples/fulfillment.pb.go:105.3,105.12 1 0
github.com/benjaminabbitt/angzarr/client/go/proto/examples/fulfillment.pb.go:107.2,107.24 1 0
github.com/benjaminabbitt/angzarr/client/go/proto/examples/fulfillment.pb.go:111.49,113.2 1 0
github.com/benjaminabbitt/angzarr/client/go/proto/examples/fulfillment.pb.go:115.43,116.14 1 0
github.com/benjaminabbitt/angzarr/client/go/proto/examples/fulfillment.pb.go:116.14,118.3 1 0
github.com/benjaminabbitt/angzarr/client/go/proto/examples/fulfillment.pb.go:119.2,119.11 1 0
github.com/benjaminabbitt/angzarr/client/go/proto/examples/fulfillment.pb.go:129.30,134.2 4 0
github.com/benjaminabbitt/angzarr/client/go/proto/examples/fulfillment.pb.go:136.38,138.2 1 0
github.com/benjaminabbitt/angzarr/client/go/proto/examples/fulfillment.pb.go:140.36,140.37 0 0
github.com/benjaminabbitt/angzarr/client/go/proto/examples/fulfillment.pb.go:142.58,144.14 2 0
github.com/benjaminabbitt/angzarr/client/go/proto/examples/fulfillment.pb.go:144.14,146.34 2 0
github.com/benjaminabbitt/angzarr/client/go/proto/examples/fulfillment.pb.go:146.34,148.4 1 0
github.com/benjaminabbitt/angzarr/client/go/proto/examples/fulfillment.pb.go:149.3,149.12 1 0
github.com/benjaminabbitt/angzarr/client/go/proto/examples/fulfillment.pb.go:151.2,151.24 1 0
github.com/benjaminabbitt/angzarr/client/go/proto/examples/fulfillment.pb.go:155.49,157.2 1 0
github.com/benjaminabbitt/angzarr/client/go/proto/examples/fulfillment.pb.go:159.43,160.14 1 0
github.com/benjaminabbitt/angzarr/client/go/proto/examples/fulfillment.pb.go:160.14,162.3 1 0
github.com/benjaminabbitt/angzarr/client/go/proto/examples/fulfillment.pb.go:163.2,163.11 1 0
github.com/benjaminabbitt/angzarr/client/go/proto/examples/fulfillment.pb.go:174.24,179.2 4 0
github.com/benjaminabbitt/angzarr/client/go/proto/examples/fulfillment.pb.go:181.32,183.2 1 0
github.com/benjaminabbitt/angzarr/client/go/proto/examples/fulfillment.pb.go:185.30,185.31 0 0
github.com/benjaminabbitt/angzarr/client/go/proto/examples/fulfillment.pb.go:187.52,189.14 2 0
github.com/benjaminabbitt/angzarr/client/go/proto/examples/fulfillment.pb.go:189.14,191.34 2 0
github.com/benjaminabbitt/angzarr/client/go/proto/examples/fulfillment.pb.go:191.34,193.4 1 0
github.com/benjaminabbitt/angzarr/client/go/proto/examples/fulfillment.pb.go:194.3,194.12 1 0
github.com/benjaminabbitt/angzarr/client/go/proto/examples/fulfillment.pb.go:196.2,196.24 1 0
github.com/benjaminabbitt/angzarr/client/go/proto/examples/fulfillment.pb.go:200.43,202.2 1 0
github.com/benjaminabbitt/angzarr/client/go/proto/examples/fulfillment.pb.go:204.36,205.14 1 0
github.com/benjaminabbitt/angzarr/client/go/proto/examples/fulfillment.pb.go:205.14,207.3 1 0
github.com/benjaminabbitt/angzarr/client/go/proto/examples/fulfillment.pb.go:208.2,208.11 1 0
github.com/benjaminabbitt/angzarr/client/go/proto/examples/fulfillment.pb.go:211.43,212.14 1 0
github.com/benjaminabbitt/angzarr/client/go/proto/examples/fulfillment.pb.go:212.14,214.3 1 0
github.com/benjaminabbitt/angzarr/client/go/proto/examples/fulfillment.pb.go:215.2,215.11 1 0
github.com/benjaminabbitt/angzarr/client/go/proto/examples/fulfillment.pb.go:225.34,230.2 4 0
github.com/benjaminabbitt/angzarr/client/go/proto/examples/fulfillment.pb.go:232.42,234.2 1 0
github.com/benjaminabbitt/angzarr/client/go/proto/examples/fulfillment.pb.go:236.40,236.41 0 0
github.com/benjaminabbitt/angzarr/client/go/proto/examples/fulfillment.pb.go:238.62,240.14 2 0
github.com/benjaminabbitt/angzarr/client/go/proto/examples/fulfillment.pb.go:240.14,242.34 2 0
github.com/benjaminabbitt/angzarr/client/go/proto/examples/fulfillment.pb.go:242.34,244.4 1 0
github.com/benjaminabbitt/angzarr/client/go/proto/examples/fulfillment.pb.go:245.3,245.12 1 0
github.com/benjaminabbitt/angzarr/client/go/proto/examples/fulfillment.pb.go:247.2,247.24 1 0
github.com/benjaminabbitt/angzarr/client/go/proto/examples/fulfillment.pb.go:251.53,253.2 1 0
github.com/benjaminabbitt/angzarr/client/go/proto/examples/fulfillment.pb.go:255.48,256.14 1 0
github.com/benjaminabbitt/angzarr/client/go/proto/examples/fulfillment.pb.go:256.14,258.3 1 0
github.com/benjaminabbitt/angzarr/client/go/proto/examples/fulfillment.pb.go:259.2,259.11 1 0
github.com/benjaminabbitt/angzarr/client/go/proto/examples/fulfillment.pb.go:273.35,278.2 4 0
github.com/benjaminabbitt/angzarr/client/go/proto/examples/fulfillment.pb.go:280.43,282.2 1 0
github.com/benjaminabbitt/angzarr/client/go/proto/examples/fulfillment.pb.go:284.41,284.42 0 0
github.com/benjaminabbitt/angzarr/client/go/proto/examples/fulfillment.pb.go:286.63,288.14 2 0
github.com/benjaminabbitt/angzarr/client/go/proto/examples/fulfillment.pb.go:288.14,290.34 2 0
github.com/benjaminabbitt/angzarr/client/go/proto/examples/fulfillment.pb.go:290.34,292.4 1 0
github.com/benjaminabbitt/angzarr/client/go/proto/examples/fulfillment.pb.go:293.3,293.12 1 0
github.com/benjaminabbitt/angzarr/client/go/proto/examples/fulfillment.pb.go:295.2,295.24 1 0
github.com/benjaminabbitt/angzarr/client/go/proto/examples/fulfillment.pb.go:299.54,301.2 1 0
github.com/benjaminabbitt/angzarr/client/go/proto/examples/fulfillment.pb.go:303.47,304.14 1 0
github.com/benjaminabbitt/angzarr/client/go/proto/examples/fulfillment.pb.go:304.14,306.3 1 0
github.com/benjaminabbitt/angzarr/client/go/proto/examples/fulfillment.pb.go:307.2,307.11 1 0
github.com/benjaminabbitt/angzarr/client/go/proto/examples/fulfillment.pb.go:310.46,311.14 1 0
github.com/benjaminabbitt/angzarr/client/go/proto/examples/fulfillment.pb.go:311.14,313.3 1 0
github.com/benjaminabbitt/angzarr/client/go/proto/examples/fulfillment.pb.go:314.2,314.11 1 0
github.com/benjaminabbitt/angzarr/client/go/proto/examples/fulfillment.pb.go:317.65,318.14 1 0
github.com/benjaminabbitt/angzarr/client/go/proto/examples/fulfillment.pb.go:318.14,320.3 1 0
github.com/benjaminabbitt/angzarr/client/go/proto/examples/fulfillment.pb.go:321.2,321.12 1 0
github.com/benjaminabbitt/angzarr/client/go/proto/examples/fulfillment.pb.go:324.50,325.14 1 0
github.com/benjaminabbitt/angzarr/client/go/proto/examples/fulfillment.pb.go:325.14,327.3 1 0
github.com/benjaminabbitt/angzarr/client/go/proto/examples/fulfillment.pb.go:328.2,328.12 1 0
github.com/benjaminabbitt/angzarr/client/go/proto/examples/fulfillment.pb.go:339.31,344.2 4 0
github.com/benjaminabbitt/angzarr/client/go/proto/examples/fulfillment.pb.go:346.39,348.2 1 0
github.com/benjaminabbitt/angzarr/client/go/proto/examples/fulfillment.pb.go:350.37,350.38 0 0
github.com/benjaminabbitt/angzarr/client/go/proto/examples/fulfillment.pb.go:352.59,354.14 2 0
github.com/benjaminabbitt/angzarr/client/go/proto/examples/fulfillment.pb.go:354.14,356.34 2 0
github.com/benjaminabbitt/angzarr/client/go/proto/examples/fulfillment.pb.go:356.34,358.4 1 0
github.com/benjaminabbitt/angzarr/client/go/proto/examples/fulfillment.pb.go:359.3,359.12 1 0
github.com/benjaminabbitt/angzarr/client/go/proto/examples/fulfillment.pb.go:361.2,361.24 1 0
github.com/benjaminabbitt/angzarr/client/go/proto/examples/fulfillment.pb.go:365.50,367.2 1 0
github.com/benjaminabbitt/angzarr/client/go/proto/examples/fulfillment.pb.go:369.44,370.14 1 0
github.com/benjaminabbitt/angzarr/client/go/proto/examples/fulfillment.pb.go:370.14,372.3 1 0
github.com/benjaminabbitt/angzarr/client/go/proto/examples/fulfillment.pb.go:373.2,373.11 1 0
github.com/benjaminabbitt/angzarr/client/go/proto/examples/fulfillment.pb.go:376.60,377.14 1 0
github.com/benjaminabbitt/angzarr/client/go/proto/examples/fulfillment.pb.go:377.14,379.3 1 0
github.com/benjaminabbitt/angzarr/client/go/proto/examples/fulfillment.pb.go:380.2,380.12 1 0
github.com/benjaminabbitt/angzarr/client/go/proto/examples/fulfillment.pb.go:391.31,396.2 4 0
github.com/benjaminabbitt/angzarr/client/go/proto/examples/fulfillment.pb.go:398.39,400.2 1 0
github.com/benjaminabbitt/angzarr/client/go/proto/examples/fulfillment.pb.go:402.37,402.38 0 0
github.com/benjaminabbitt/angzarr/client/go/proto/examples/fulfillment.pb.go:404.59,406.14 2 0
github.com/benjaminabbitt/angzarr/client/go/proto/examples/fulfillment.pb.go:406.14,408.34 2 0
github.com/benjaminabbitt/angzarr/client/go/proto/examples/fulfillment.pb.go:408.34,410.4 1 0
github.com/benjaminabbitt/angzarr/client/go/proto/examples/fulfillment.pb.go:411.3,411.12 1 0
github.com/benjaminabbitt/angzarr/client/go/proto/examples/fulfillment.pb.go:413.2,413.24 1 0
github.com/benjaminabbitt/angzarr/client/go/proto/examples/fulfillment.pb.go:417.50,419.2 1 0
github.com/benjaminabbitt/angzarr/client/go/proto/examples/fulfillment.pb.go:421.44,422.14 1 0
github.com/benjaminabbitt/angzarr/client/go/proto/examples/fulfillment.pb.go:422.14,424.3 1 0
github.com/benjaminabbitt/angzarr/client/go/proto/examples/fulfillment.pb.go:425.2,425.11 1 0
github.com/benjaminabbitt/angzarr/client/go/proto/examples/fulfillment.pb.go:428.60,429.14 1 0
github.com/benjaminabbitt/angzarr/client/go/proto/examples/fulfillment.pb.go:429.14,431.3 1 0
github.com/benjaminabbitt/angzarr/client/go/proto/examples/fulfillment.pb.go:432.2,432.12 1 0
github.com/benjaminabbitt/angzarr/client/go/proto/examples/fulfillment.pb.go:446.27,451.2 4 0
github.com/benjaminabbitt/angzarr/client/go/proto/examples/fulfillment.pb.go:453.35,455.2 1 0
github.com/benjaminabbitt/angzarr/client/go/proto/examples/fulfillment.pb.go:457.33,457.34 0 0
github.com/benjaminabbitt/angzarr/client/go/proto/examples/fulfillment.pb.go:459.55,461.14 2 0
github.com/benjaminabbitt/angzarr/client/go/proto/examples/fulfillment.pb.go:461.14,463.34 2 0
github.com/benjaminabbitt/angzarr/client/go/proto/examples/fulfillment.pb.go:463.34,465.4 1 0
github.com/benjaminabbitt/angzarr/client/go/proto/examples/fulfillment.pb.go:466.3,466.12 1 0
github.com/benjaminabbitt/angzarr/client/go/proto/examples/fulfillment.pb.go:468.2,468.24 1 0
github.com/benjaminabbitt/angzarr/client/go/proto/examples/fulfillment.pb.go:472.46,474.2 1 0
github.com/benjaminabbitt/angzarr/client/go/proto/examples/fulfillment.pb.go:476.39,477.14 1 0
github.com/benjaminabbitt/angzarr/client/go/proto/examples/fulfillment.pb.go:477.14,479.3 1 0
github.com/benjaminabbitt/angzarr/client/go/proto/examples/fulfillment.pb.go:480.2,480.11 1 0
github.com/benjaminabbitt/angzarr/client/go/proto/examples/fulfillment.pb.go:483.46,484.14 1 0
github.com/benjaminabbitt/angzarr/client/go/proto/examples/fulfillment.pb.go:484.14,486.3 1 0
github.com/benjaminabbitt/angzarr/client/go/proto/examples/fulfillment.pb.go:487.2,487.11 1 0
github.com/benjaminabbitt/angzarr/client/go/proto/examples/fulfillment.pb.go:490.57,491.14 1 0
github.com/benjaminabbitt/angzarr/client/go/proto/examples/fulfillment.pb.go:491.14,493.3 1 0
github.com/benjaminabbitt/angzarr/client/go/proto/examples/fulfillment.pb.go:494.2,494.12 1 0
github.com/benjaminabbitt/angzarr/client/go/proto/examples/fulfillment.pb.go:497.42,498.14 1 0
github.com/benjaminabbitt/angzarr/client/go/proto/examples/fulfillment.pb.go:498.14,500.3 1 0
github.com/benjaminabbitt/angzarr/client/go/proto/examples/fulfillment.pb.go:501.2,501.12 1 0
github.com/benjaminabbitt/angzarr/client/go/proto/examples/fulfillment.pb.go:504.39,505.14 1 0
github.com/benjaminabbitt/angzarr/client/go/proto/examples/fulfillment.pb.go:505.14,507.3 1 0
github.com/benjaminabbitt/angzarr/client/go/proto/examples/fulfillment.pb.go:508.2,508.11 1 0
github.com/benjaminabbitt/angzarr/client/go/proto/examples/fulfillment.pb.go:519.29,524.2 4 0
github.com/benjaminabbitt/angzarr/client/go/proto/examples/fulfillment.pb.go:526.37,528.2 1 0
github.com/benjaminabbitt/angzarr/client/go/proto/examples/fulfillment.pb.go:530.35,530.36 0 0
github.com/benjaminabbitt/angzarr/client/go/proto/examples/fulfillment.pb.go:532.57,534.14 2 0
github.com/benjaminabbitt/angzarr/client/go/proto/examples/fulfillment.pb.go:534.14,536.34 2 0
github.com/benjaminabbitt/angzarr/client/go/proto/examples/fulfillment.pb.go:536.34,538.4 1 0
github.com/benjaminabbitt/angzarr/client/go/proto/examples/fulfillment.pb.go:539.3,539.12 1 0
github.com/benjaminabbitt/angzarr/client/go/proto/examples/fulfillment.pb.go:541.2,541.24 1 0
github.com/benjaminabbitt/angzarr/client/go/proto/examples/fulfillment.pb.go:545.48,547.2 1 0
github.com/benjaminabbitt/angzarr/client/go/proto/examples/fulfillment.pb.go:549.43,550.14 1 0
github.com/benjaminabbitt/angzarr/client/go/proto/examples/fulfillment.pb.go:550.14,552.3 1 0
github.com/benjaminabbitt/angzarr/client/go/proto/examples/fulfillment.pb.go:553.2,553.11 1 0
github.com/benjaminabbitt/angzarr/client/go/proto/examples/fulfillment.pb.go:556.61,557.14 1 0
github.com/benjaminabbitt/angzarr/client/go/proto/examples/fulfillment.pb.go:557.14,559.3 1 0
github.com/benjaminabbitt/angzarr/client/go/proto/examples/fulfillment.pb.go:560.2,560.12 1 0
github.com/benjaminabbitt/angzarr/client/go/proto/examples/fulfillment.pb.go:578.36,583.2 4 0
github.com/benjaminabbitt/angzarr/client/go/proto/examples/fulfillment.pb.go:585.44,587.2 1 0
github.com/benjaminabbitt/angzarr/client/go/proto/examples/fulfillment.pb.go:589.42,589.43 0 0
github.com/benjaminabbitt/angzarr/client/go/proto/examples/fulfillment.pb.go:591.64,593.14 2 0
github.com/benjaminabbitt/angzarr/client/go/proto/examples/fulfillment.pb.go:593.14,595.34 2 0
github.com/benjaminabbitt/angzarr/client/go/proto/examples/fulfillment.pb.go:595.34,597.4 1 0
github.com/benjaminabbitt/angzarr/client/go/proto/examples/fulfillment.pb.go:598.3,598.12 1 0
github.com/benjaminabbitt/angzarr/client/go/proto/examples/fulfillment.pb.go:600.2,600.24 1 0
github.com/benjaminabbitt/angzarr/client/go/proto/examples/fulfillment.pb.go:604.55,606.2 1 0
github.com/benjaminabbitt/angzarr/client/go/proto/examples/fulfillment.pb.go:608.48,609.14 1 0
github.com/benjaminabbitt/angzarr/client/go/proto/examples/fulfillment.pb.go:609.14,611.3 1 0
github.com/benjaminabbitt/angzarr/client/go/proto/examples/fulfillment.pb.go:612.2,612.11 1 0
github.com/benjaminabbitt/angzarr/client/go/proto/examples/fulfillment.pb.go:615.47,616.14 1 0
github.com/benjaminabbitt/angzarr/client/go/proto/examples/fulfillment.pb.go:616.14,618.3 1 0
github.com/benjaminabbitt/angzarr/client/go/proto/examples/fulfillment.pb.go:619.2,619.11 1 0
github.com/benjaminabbitt/angzarr/client/go/proto/examples/fulfillment.pb.go:622.55,623.14 1 0
github.com/benjaminabbitt/angzarr/client/go/proto/examples/fulfillment.pb.go:623.14,625.3 1 0
github.com/benjaminabbitt/angzarr/client/go/proto/examples/fulfillment.pb.go:626.2,626.11 1 0
github.com/benjaminabbitt/angzarr/client/go/proto/examples/fulfillment.pb.go:629.48,630.14 1 0
github.com/benjaminabbitt/angzarr/client/go/proto/examples/fulfillment.pb.go:630.14,632.3 1 0
github.com/benjaminabbitt/angzarr/client/go/proto/examples/fulfillment.pb.go:633.2,633.11 1 0
github.com/benjaminabbitt/angzarr/client/go/proto/examples/fulfillment.pb.go:636.49,637.14 1 0
github.com/benjaminabbitt/angzarr/client/go/proto/examples/fulfillment.pb.go:637.14,639.3 1 0
github.com/benjaminabbitt/angzarr/client/go/proto/examples/fulfillment.pb.go:640.2,640.11 1 0
github.com/benjaminabbitt/angzarr/client/go/proto/examples/fulfillment.pb.go:643.49,644.14 1 0
github.com/benjaminabbitt/angzarr/client/go/proto/examples/fulfillment.pb.go:644.14,646.3 1 0
github.com/benjaminabbitt/angzarr/client/go/proto/examples/fulfillment.pb.go:647.2,647.11 1 0
github.com/benjaminabbitt/angzarr/client/go/proto/examples/fulfillment.pb.go:650.50,651.14 1 0
github.com/benjaminabbitt/angzarr/client/go/proto/examples/fulfillment.pb.go:651.14,653.3 1 0
github.com/benjaminabbitt/angzarr/client/go/proto/examples/fulfillment.pb.go:654.2,654.11 1 0
github.com/benjaminabbitt/angzarr/client/go/proto/examples/fulfillment.pb.go:657.51,658.14 1 0
github.com/benjaminabbitt/angzarr/client/go/proto/examples/fulfillment.pb.go:658.14,660.3 1 0
github.com/benjaminabbitt/angzarr/client/go/proto/examples/fulfillment.pb.go:661.2,661.12 1 0
github.com/benjaminabbitt/angzarr/client/go/proto/examples/fulfillment.pb.go:721.59,722.56 1 0
github.com/benjaminabbitt/angzarr/client/go/proto/examples/fulfillment.pb.go:722.56,724.3 1 0
github.com/benjaminabbitt/angzarr/client/go/proto/examples/fulfillment.pb.go:725.2,725.52 1 0
github.com/benjaminabbitt/angzarr/client/go/proto/examples/fulfillment.pb.go:761.13,761.55 1 0
github.com/benjaminabbitt/angzarr/client/go/proto/examples/fulfillment.pb.go:762.45,763.44 1 0
github.com/benjaminabbitt/angzarr/client/go/proto/examples/fulfillment.pb.go:763.44,765.3 1 0
github.com/benjaminabbitt/angzarr/client/go/proto/examples/fulfillment.pb.go:766.2,783.47 6 0
github.com/benjaminabbitt/angzarr/client/go/proto/examples/inventory.pb.go:35.35,40.2 4 0
github.com/benjaminabbitt/angzarr/client/go/proto/examples/inventory.pb.go:42.43,44.2 1 0
github.com/benjaminabbitt/angzarr/client/go/proto/examples/inventory.pb.go:46.41,46.42 0 0
github.com/benjaminabbitt/angzarr/client/go/proto/examples/inventory.pb.go:48.63,50.14 2 0
github.com/benjaminabbitt/angzarr/client/go/proto/examples/inventory.pb.go:50.14,52.34 2 0
github.com/benjaminabbitt/angzarr/client/go/proto/examples/inventory.pb.go:52.34,54.4 1 0
github.com/benjaminabbitt/angzarr/client/go/proto/examples/inventory.pb.go:55.3,55.12 1 0
github.com/benjaminabbitt/angzarr/client/go/proto/examples/inventory.pb.go:57.2,57.24 1 0
github.com/benjaminabbitt/angzarr/client/go/proto/examples/inventory.pb.go:61.54,63.2 1 0
github.com/benjaminabbitt/angzarr/client/go/proto/examples/inventory.pb.go:65.49,66.14 1 0
github.com/benjaminabbitt/angzarr/client/go/proto/examples/inventory.pb.go:66.14,68.3 1 0
github.com/benjaminabbitt/angzarr/client/go/proto/examples/inventory.pb.go:69.2,69.11 1 0
github.com/benjaminabbitt/angzarr/client/go/proto/examples/inventory.pb.go:72.47,73.14 1 0
github.com/benjaminabbitt/angzarr/client/go/proto/examples/inventory.pb.go:73.14,75.3 1 0
github.com/benjaminabbitt/angzarr/client/go/proto/examples/inventory.pb.go:76.2,76.10 1 0
github.com/benjaminabbitt/angzarr/client/go/proto/examples/inventory.pb.go:79.56,80.14 1 0
github.com/benjaminabbitt/angzarr/client/go/proto/examples/inventory.pb.go:80.14,82.3 1 0
github.com/benjaminabbitt/angzarr/client/go/proto/examples/inventory.pb.go:83.2,83.10 1 0
github.com/benjaminabbitt/angzarr/client/go/proto/examples/inventory.pb.go:94.32,99.2 4 0
github.com/benjaminabbitt/angzarr/client/go/proto/examples/inventory.pb.go:101.40,103.2 1 0
github.com/benjaminabbitt/angzarr/client/go/proto/examples/inventory.pb.go:105.38,105.39 0 0
github.com/benjaminabbitt/angzarr/client/go/proto/examples/inventory.pb.go:107.60,109.14 2 0
github.com/benjaminabbitt/angzarr/client/go/proto/examples/inventory.pb.go:109.14,111.34 2 0
github.com/benjaminabbitt/angzarr/client/go/proto/examples/inventory.pb.go:111.34,113.4 1 0
github.com/benjaminabbitt/angzarr/client/go/proto/examples/inventory.pb.go:114.3,114.12 1 0
github.com/benjaminabbitt/angzarr/client/go/proto/examples/inventory.pb.go:116.2,116.24 1 0
github.com/benjaminabbitt/angzarr/client/go/proto/examples/inventory.pb.go:120.51,122.2 1 0
github.com/benjaminabbitt/angzarr/client/go/proto/examples/inventory.pb.go:124.44,125.14 1 0
github.com/benjaminabbitt/angzarr/client/go/proto/examples/inventory.pb.go:125.14,127.3 1 0
github.com/benjaminabbitt/angzarr/client/go/proto/examples/inventory.pb.go:128.2,128.10 1 0
github.com/benjaminabbitt/angzarr/client/go/proto/examples/inventory.pb.go:131.46,132.14 1 0
github.com/benjaminabbitt/angzarr/client/go/proto/examples/inventory.pb.go:132.14,134.3 1 0
github.com/benjaminabbitt/angzarr/client/go/proto/examples/inventory.pb.go:135.2,135.11 1 0
github.com/benjaminabbitt/angzarr/client/go/proto/examples/inventory.pb.go:146.32,151.2 4 0
github.com/benjaminabbitt/angzarr/client/go/proto/examples/inventory.pb.go:153.40,155.2 1 0
github.com/benjaminabbitt/angzarr/client/go/proto/examples/inventory.pb.go:157.38,157.39 0 0
github.com/benjaminabbitt/angzarr/client/go/proto/examples/inventory.pb.go:159.60,161.14 2 0
github.com/benjaminabbitt/angzarr/client/go/proto/examples/inventory.pb.go:161.14,163.34 2 0
github.com/benjaminabbitt/angzarr/client/go/proto/examples/inventory.pb.go:163.34,165.4 1 0
github.com/benjaminabbitt/angzarr/client/go/proto/examples/inventory.pb.go:166.3,166.12 1 0
github.com/benjaminabbitt/angzarr/client/go/proto/examples/inventory.pb.go:168.2,168.24 1 0
github.com/benjaminabbitt/angzarr/client/go/proto/examples/inventory.pb.go:172.51,174.2 1 0
github.com/benjaminabbitt/angzarr/client/go/proto/examples/inventory.pb.go:176.44,177.14 1 0
github.com/benjaminabbitt/angzarr/client/go/proto/examples/inventory.pb.go:177.14,179.3 1 0
github.com/benjaminabbitt/angzarr/client/go/proto/examples/inventory.pb.go:180.2,180.10 1 0
github.com/benjaminabbitt/angzarr/client/go/proto/examples/inventory.pb.go:183.44,184.14 1 0
github.com/benjaminabbitt/angzarr/client/go/proto/examples/inventory.pb.go:184.14,186.3 1 0
github.com/benjaminabbitt/angzarr/client/go/proto/examples/inventory.pb.go:187.2,187.11 1 0
github.com/benjaminabbitt/angzarr/client/go/proto/examples/inventory.pb.go:197.38,202.2 4 0
github.com/benjaminabbitt/angzarr/client/go/proto/examples/inventory.pb.go:204.46,206.2 1 0
github.com/benjaminabbitt/angzarr/client/go/proto/examples/inventory.pb.go:208.44,208.45 0 0
github.com/benjaminabbitt/angzarr/client/go/proto/examples/inventory.pb.go:210.66,212.14 2 0
github.com/benjaminabbitt/angzarr/client/go/proto/examples/inventory.pb.go:212.14,214.34 2 0
github.com/benjaminabbitt/angzarr/client/go/proto/examples/inventory.pb.go:214.34,216.4 1 0
github.com/benjaminabbitt/angzarr/client/go/proto/examples/inventory.pb.go:217.3,217.12 1 0
github.com/benjaminabbitt/angzarr/client/go/proto/examples/inventory.pb.go:219.2,219.24 1 0
github.com/benjaminabbitt/angzarr/client/go/proto/examples/inventory.pb.go:223.57,225.2 1 0
github.com/benjaminabbitt/angzarr/client/go/proto/examples/inventory.pb.go:227.50,228.14 1 0
github.com/benjaminabbitt/angzarr/client/go/proto/examples/inventory.pb.go:228.14,230.3 1 0
github.com/benjaminabbitt/angzarr/client/go/proto/examples/inventory.pb.go:231.2,231.11 1 0
github.com/benjaminabbitt/angzarr/client/go/proto/examples/inventory.pb.go:241.37,246.2 4 0
github.com/benjaminabbitt/angzarr/client/go/proto/examples/inventory.pb.go:248.45,250.2 1 0
github.com/benjaminabbitt/angzarr/client/go/proto/examples/inventory.pb.go:252.43,252.44 0 0
github.com/benjaminabbitt/angzarr/client/go/proto/examples/inventory.pb.go:254.65,256.14 2 0
github.com/benjaminabbitt/angzarr/client/go/proto/examples/inventory.pb.go:256.14,258.34 2 0
github.com/benjaminabbitt/angzarr/client/go/proto/examples/inventory.pb.go:258.34,260.4 1 0
github.com/benjaminabbitt/angzarr/client/go/proto/examples/inventory.pb.go:261.3,261.12 1 0
github.com/benjaminabbitt/angzarr/client/go/proto/examples/inventory.pb.go:263.2,263.24 1 0
github.com/benjaminabbitt/angzarr/client/go/proto/examples/inventory.pb.go:267.56,269.2 1 0
github.com/benjaminabbitt/angzarr/client/go/proto/examples/inventory.pb.go:271.49,272.14 1 0
github.com/benjaminabbitt/angzarr/client/go/proto/examples/inventory.pb.go:272.14,274.3 1 0
github.com/benjaminabbitt/angzarr/client/go/proto/examples/inventory.pb.go:275.2,275.11 1 0
github.com/benjaminabbitt/angzarr/client/go/proto/examples/inventory.pb.go:289.36,294.2 4 0
github.com/benjaminabbitt/angzarr/client/go/proto/examples/inventory.pb.go:296.44,298.2 1 0
github.com/benjaminabbitt/angzarr/client/go/proto/examples/inventory.pb.go:300.42,300.43 0 0
github.com/benjaminabbitt/angzarr/client/go/proto/examples/inventory.pb.go:302.64,304.14 2 0
github.com/benjaminabbitt/angzarr/client/go/proto/examples/inventory.pb.go:304.14,306.34 2 0
github.com/benjaminabbitt/angzarr/client/go/proto/examples/inventory.pb.go:306.34,308.4 1 0
github.com/benjaminabbitt/angzarr/client/go/proto/examples/inventory.pb.go:309.3,309.12 1 0
github.com/benjaminabbitt/angzarr/client/go/proto/examples/inventory.pb.go:311.2,311.24 1 0
github.com/benjaminabbitt/angzarr/client/go/proto/examples/inventory.pb.go:315.55,317.2 1 0
github.com/benjaminabbitt/angzarr/client/go/proto/examples/inventory.pb.go:319.50,320.14 1 0
github.com/benjaminabbitt/angzarr/client/go/proto/examples/inventory.pb.go:320.14,322.3 1 0
github.com/benjaminabbitt/angzarr/client/go/proto/examples/inventory.pb.go:323.2,323.11 1 0
github.com/benjaminabbitt/angzarr/client/go/proto/examples/inventory.pb.go:326.48,327.14 1 0
github.com/benjaminabbitt/angzarr/client/go/proto/examples/inventory.pb.go:327.14,329.3 1 0
github.com/benjaminabbitt/angzarr/client/go/proto/examples/inventory.pb.go:330.2,330.10 1 0
github.com/benjaminabbitt/angzarr/client/go/proto/examples/inventory.pb.go:333.57,334.14 1 0
github.com/benjaminabbitt/angzarr/client/go/proto/examples/inventory.pb.go:334.14,336.3 1 0
github.com/benjaminabbitt/angzarr/client/go/proto/examples/inventory.pb.go:337.2,337.10 1 0
github.com/benjaminabbitt/angzarr/client/go/proto/examples/inventory.pb.go:340.70,341.14 1 0
github.com/benjaminabbitt/angzarr/client/go/proto/examples/inventory.pb.go:341.14,343.3 1 0
github.com/benjaminabbitt/angzarr/client/go/proto/examples/inventory.pb.go:344.2,344.12 1 0
github.com/benjaminabbitt/angzarr/client/go/proto/examples/inventory.pb.go:357.33,362.2 4 0
github.com/benjaminabbitt/angzarr/client/go/proto/examples/inventory.pb.go:364.41,366.2 1 0
github.com/benjaminabbitt/angzarr/client/go/proto/examples/inventory.pb.go:368.39,368.40 0 0
github.com/benjaminabbitt/angzarr/client/go/proto/examples/inventory.pb.go:370.61,372.14 2 0
github.com/benjaminabbitt/angzarr/client/go/proto/examples/inventory.pb.go:372.14,374.34 2 0
github.com/benjaminabbitt/angzarr/client/go/proto/examples/inventory.pb.go:374.34,376.4 1 0
github.com/benjaminabbitt/angzarr/client/go/proto/examples/inventory.pb.go:377.3,377.12 1 0
github.com/benjaminabbitt/angzarr/client/go/proto/examples/inventory.pb.go:379.2,379.24 1 0
github.com/benjaminabbitt/angzarr/client/go/proto/examples/inventory.pb.go:383.52,385.2 1 0
github.com/benjaminabbitt/angzarr/client/go/proto/examples/inventory.pb.go:387.45,388.14 1 0
github.com/benjaminabbitt/angzarr/client/go/proto/examples/inventory.pb.go:388.14,390.3 1 0
github.com/benjaminabbitt/angzarr/client/go/proto/examples/inventory.pb.go:391.2,391.10 1 0
github.com/benjaminabbitt/angzarr/client/go/proto/examples/inventory.pb.go:394.46,395.14 1 0
github.com/benjaminabbitt/angzarr/client/go/proto/examples/inventory.pb.go:395.14,397.3 1 0
github.com/benjaminabbitt/angzarr/client/go/proto/examples/inventory.pb.go:398.2,398.10 1 0
github.com/benjaminabbitt/angzarr/client/go/proto/examples/inventory.pb.go:401.47,402.14 1 0
github.com/benjaminabbitt/angzarr/client/go/proto/examples/inventory.pb.go:402.14,404.3 1 0
github.com/benjaminabbitt/angzarr/client/go/proto/examples/inventory.pb.go:405.2,405.11 1 0
github.com/benjaminabbitt/angzarr/client/go/proto/examples/inventory.pb.go:408.64,409.14 1 0
github.com/benjaminabbitt/angzarr/client/go/proto/examples/inventory.pb.go:409.14,411.3 1 0
github.com/benjaminabbitt/angzarr/client/go/proto/examples/inventory.pb.go:412.2,412.12 1 0
github.com/benjaminabbitt/angzarr/client/go/proto/examples/inventory.pb.go:427.33,432.2 4 0
github.com/benjaminabbitt/angzarr/client/go/proto/examples/inventory.pb.go:434.41,436.2 1 0
github.com/benjaminabbitt/angzarr/client/go/proto/examples/inventory.pb.go:438.39,438.40 0 0
github.com/benjaminabbitt/angzarr/client/go/proto/examples/inventory.pb.go:440.61,442.14 2 0
github.com/benjaminabbitt/angzarr/client/go/proto/examples/inventory.pb.go:442.14,444.34 2 0
github.com/benjaminabbitt/angzarr/client/go/proto/examples/inventory.pb.go:444.34,446.4 1 0
github.com/benjaminabbitt/angzarr/client/go/proto/examples/inventory.pb.go:447.3,447.12 1 0
github.com/benjaminabbitt/angzarr/client/go/proto/examples/inventory.pb.go:449.2,449.24 1 0
github.com/benjaminabbitt/angzarr/client/go/proto/examples/inventory.pb.go:453.52,455.2 1 0
github.com/benjaminabbitt/angzarr/client/go/proto/examples/inventory.pb.go:457.45,458.14 1 0
github.com/benjaminabbitt/angzarr/client/go/proto/examples/inventory.pb.go:458.14,460.3 1 0
github.com/benjaminabbitt/angzarr/client/go/proto/examples/inventory.pb.go:461.2,461.10 1 0
github.com/benjaminabbitt/angzarr/client/go/proto/examples/inventory.pb.go:464.45,465.14 1 0
github.com/benjaminabbitt/angzarr/client/go/proto/examples/inventory.pb.go:465.14,467.3 1 0
github.com/benjaminabbitt/angzarr/client/go/proto/examples/inventory.pb.go:468.2,468.11 1 0
github.com/benjaminabbitt/angzarr/client/go/proto/examples/inventory.pb.go:471.49,472.14 1 0
github.com/benjaminabbitt/angzarr/client/go/proto/examples/inventory.pb.go:472.14,474.3 1 0
github.com/benjaminabbitt/angzarr/client/go/proto/examples/inventory.pb.go:475.2,475.10 1 0
github.com/benjaminabbitt/angzarr/client/go/proto/examples/inventory.pb.go:478.64,479.14 1 0
github.com/benjaminabbitt/angzarr/client/go/proto/examples/inventory.pb.go:479.14,481.3 1 0
github.com/benjaminabbitt/angzarr/client/go/proto/examples/inventory.pb.go:482.2,482.12 1 0
github.com/benjaminabbitt/angzarr/client/go/proto/examples/inventory.pb.go:485.48,486.14 1 0
github.com/benjaminabbitt/angzarr/client/go/proto/examples/inventory.pb.go:486.14,488.3 1 0
github.com/benjaminabbitt/angzarr/client/go/proto/examples/inventory.pb.go:489.2,489.10 1 0
github.com/benjaminabbitt/angzarr/client/go/proto/examples/inventory.pb.go:492.46,493.14 1 0
github.com/benjaminabbitt/angzarr/client/go/proto/examples/inventory.pb.go:493.14,495.3 1 0
github.com/benjaminabbitt/angzarr/client/go/proto/examples/inventory.pb.go:496.2,496.10 1 0
github.com/benjaminabbitt/angzarr/client/go/proto/examples/inventory.pb.go:511.39,516.2 4 0
github.com/benjaminabbitt/angzarr/client/go/proto/examples/inventory.pb.go:518.47,520.2 1 0
github.com/benjaminabbitt/angzarr/client/go/proto/examples/inventory.pb.go:522.45,522.46 0 0
github.com/benjaminabbitt/angzarr/client/go/proto/examples/inventory.pb.go:524.67,526.14 2 0
github.com/benjaminabbitt/angzarr/client/go/proto/examples/inventory.pb.go:526.14,528.34 2 0
github.com/benjaminabbitt/angzarr/client/go/proto/examples/inventory.pb.go:528.34,530.4 1 0
github.com/benjaminabbitt/angzarr/client/go/proto/examples/inventory.pb.go:531.3,531.12 1 0
github.com/benjaminabbitt/angzarr/client/go/proto/examples/inventory.pb.go:533.2,533.24 1 0
github.com/benjaminabbitt/angzarr/client/go/proto/examples/inventory.pb.go:537.58,539.2 1 0
github.com/benjaminabbitt/angzarr/client/go/proto/examples/inventory.pb.go:541.51,542.14 1 0
github.com/benjaminabbitt/angzarr/client/go/proto/examples/inventory.pb.go:542.14,544.3 1 0
github.com/benjaminabbitt/angzarr/client/go/proto/examples/inventory.pb.go:545.2,545.11 1 0
github.com/benjaminabbitt/angzarr/client/go/proto/examples/inventory.pb.go:548.51,549.14 1 0
github.com/benjaminabbitt/angzarr/client/go/proto/examples/inventory.pb.go:549.14,551.3 1 0
github.com/benjaminabbitt/angzarr/client/go/proto/examples/inventory.pb.go:552.2,552.10 1 0
github.com/benjaminabbitt/angzarr/client/go/proto/examples/inventory.pb.go:555.55,556.14 1 0
github.com/benjaminabbitt/angzarr/client/go/proto/examples/inventory.pb.go:556.14,558.3 1 0
github.com/benjaminabbitt/angzarr/client/go/proto/examples/inventory.pb.go:559.2,559.10 1 0
github.com/benjaminabbitt/angzarr/client/go/proto/examples/inventory.pb.go:562.70,563.14 1 0
github.com/benjaminabbitt/angzarr/client/go/proto/examples/inventory.pb.go:563.14,565.3 1 0
github.com/benjaminabbitt/angzarr/client/go/proto/examples/inventory.pb.go:566.2,566.12 1 0
github.com/benjaminabbitt/angzarr/client/go/proto/examples/inventory.pb.go:569.54,570.14 1 0
github.com/benjaminabbitt/angzarr/client/go/proto/examples/inventory.pb.go:570.14,572.3 1 0
github.com/benjaminabbitt/angzarr/client/go/proto/examples/inventory.pb.go:573.2,573.10 1 0
github.com/benjaminabbitt/angzarr/client/go/proto/examples/inventory.pb.go:576.52,577.14 1 0
github.com/benjaminabbitt/angzarr/client/go/proto/examples/inventory.pb.go:577.14,579.3 1 0
github.com/benjaminabbitt/angzarr/client/go/proto/examples/inventory.pb.go:580.2,580.10 1 0
github.com/benjaminabbitt/angzarr/client/go/proto/examples/inventory.pb.go:594.40,599.2 4 0
github.com/benjaminabbitt/angzarr/client/go/proto/examples/inventory.pb.go:601.48,603.2 1 0
github.com/benjaminabbitt/angzarr/client/go/proto/examples/inventory.pb.go:605.46,605.47 0 0
github.com/benjaminabbitt/angzarr/client/go/proto/examples/inventory.pb.go:607.68,609.14 2 0
github.com/benjaminabbitt/angzarr/client/go/proto/examples/inventory.pb.go:609.14,611.34 2 0
github.com/benjaminabbitt/angzarr/client/go/proto/examples/inventory.pb.go:611.34,613.4 1 0
github.com/benjaminabbitt/angzarr/client/go/proto/examples/inventory.pb.go:614.3,614.12 1 0
github.com/benjaminabbitt/angzarr/client/go/proto/examples/inventory.pb.go:616.2,616.24 1 0
github.com/benjaminabbitt/angzarr/client/go/proto/examples/inventory.pb.go:620.59,622.2 1 0
github.com/benjaminabbitt/angzarr/client/go/proto/examples/inventory.pb.go:624.52,625.14 1 0
github.com/benjaminabbitt/angzarr/client/go/proto/examples/inventory.pb.go:625.14,627.3 1 0
github.com/benjaminabbitt/angzarr/client/go/proto/examples/inventory.pb.go:628.2,628.11 1 0
github.com/benjaminabbitt/angzarr/client/go/proto/examples/inventory.pb.go:631.52,632.14 1 0
github.com/benjaminabbitt/angzarr/client/go/proto/examples/inventory.pb.go:632.14,634.3 1 0
github.com/benjaminabbitt/angzarr/client/go/proto/examples/inventory.pb.go:635.2,635.10 1 0
github.com/benjaminabbitt/angzarr/client/go/proto/examples/inventory.pb.go:638.53,639.14 1 0
github.com/benjaminabbitt/angzarr/client/go/proto/examples/inventory.pb.go:639.14,641.3 1 0
github.com/benjaminabbitt/angzarr/client/go/proto/examples/inventory.pb.go:642.2,642.10 1 0
github.com/benjaminabbitt/angzarr/client/go/proto/examples/inventory.pb.go:645.72,646.14 1 0
github.com/benjaminabbitt/angzarr/client/go/proto/examples/inventory.pb.go:646.14,648.3 1 0
github.com/benjaminabbitt/angzarr/client/go/proto/examples/inventory.pb.go:649.2,649.12 1 0
github.com/benjaminabbitt/angzarr/client/go/proto/examples/inventory.pb.go:652.55,653.14 1 0
github.com/benjaminabbitt/angzarr/client/go/proto/examples/inventory.pb.go:653.14,655.3 1 0
github.com/benjaminabbitt/angzarr/client/go/proto/examples/inventory.pb.go:656.2,656.10 1 0
github.com/benjaminabbitt/angzarr/client/go/proto/examples/inventory.pb.go:669.33,674.2 4 0
github.com/benjaminabbitt/angzarr/client/go/proto/examples/inventory.pb.go:676.41,678.2 1 0
github.com/benjaminabbitt/angzarr/client/go/proto/examples/inventory.pb.go:680.39,680.40 0 0
github.com/benjaminabbitt/angzarr/client/go/proto/examples/inventory.pb.go:682.61,684.14 2 0
github.com/benjaminabbitt/angzarr/client/go/proto/examples/inventory.pb.go:684.14,686.34 2 0
github.com/benjaminabbitt/angzarr/client/go/proto/examples/inventory.pb.go:686.34,688.4 1 0
github.com/benjaminabbitt/angzarr/client/go/proto/examples/inventory.pb.go:689.3,689.12 1 0
github.com/benjaminabbitt/angzarr/client/go/proto/examples/inventory.pb.go:691.2,691.24 1 0
github.com/benjaminabbitt/angzarr/client/go/proto/examples/inventory.pb.go:695.52,697.2 1 0
github.com/benjaminabbitt/angzarr/client/go/proto/examples/inventory.pb.go:699.47,700.14 1 0
github.com/benjaminabbitt/angzarr/client/go/proto/examples/inventory.pb.go:700.14,702.3 1 0
github.com/benjaminabbitt/angzarr/client/go/proto/examples/inventory.pb.go:703.2,703.11 1 0
github.com/benjaminabbitt/angzarr/client/go/proto/examples/inventory.pb.go:706.46,707.14 1 0
github.com/benjaminabbitt/angzarr/client/go/proto/examples/inventory.pb.go:707.14,709.3 1 0
github.com/benjaminabbitt/angzarr/client/go/proto/examples/inventory.pb.go:710.2,710.10 1 0
github.com/benjaminabbitt/angzarr/client/go/proto/examples/inventory.pb.go:713.46,714.14 1 0
github.com/benjaminabbitt/angzarr/client/go/proto/examples/inventory.pb.go:714.14,716.3 1 0
github.com/benjaminabbitt/angzarr/client/go/proto/examples/inventory.pb.go:717.2,717.10 1 0
github.com/benjaminabbitt/angzarr/client/go/proto/examples/inventory.pb.go:720.63,721.14 1 0
github.com/benjaminabbitt/angzarr/client/go/proto/examples/inventory.pb.go:721.14,723.3 1 0
github.com/benjaminabbitt/angzarr/client/go/proto/examples/inventory.pb.go:724.2,724.12 1 0
github.com/benjaminabbitt/angzarr/client/go/proto/examples/inventory.pb.go:739.34,744.2 4 0
github.com/benjaminabbitt/angzarr/client/go/proto/examples/inventory.pb.go:746.42,748.2 1 0
github.com/benjaminabbitt/angzarr/client/go/proto/examples/inventory.pb.go:750.40,750.41 0 0
github.com/benjaminabbitt/angzarr/client/go/proto/examples/inventory.pb.go:752.62,754.14 2 0
github.com/benjaminabbitt/angzarr/client/go/proto/examples/inventory.pb.go:754.14,756.34 2 0
github.com/benjaminabbitt/angzarr/client/go/proto/examples/inventory.pb.go:756.34,758.4 1 0
github.com/benjaminabbitt/angzarr/client/go/proto/examples/inventory.pb.go:759.3,759.12 1 0
github.com/benjaminabbitt/angzarr/client/go/proto/examples/inventory.pb.go:761.2,761.24 1 0
github.com/benjaminabbitt/angzarr/client/go/proto/examples/inventory.pb.go:765.53,767.2 1 0
github.com/benjaminabbitt/angzarr/client/go/proto/examples/inventory.pb.go:769.48,770.14 1 0
github.com/benjaminabbitt/angzarr/client/go/proto/examples/inventory.pb.go:770.14,772.3 1 0
github.com/benjaminabbitt/angzarr/client/go/proto/examples/inventory.pb.go:773.2,773.11 1 0
github.com/benjaminabbitt/angzarr/client/go/proto/examples/inventory.pb.go:776.44,777.14 1 0
github.com/benjaminabbitt/angzarr/client/go/proto/examples/inventory.pb.go:777.14,779.3 1 0
github.com/benjaminabbitt/angzarr/client/go/proto/examples/inventory.pb.go:780.2,780.10 1 0
github.com/benjaminabbitt/angzarr/client/go/proto/examples/inventory.pb.go:783.46,784.14 1 0
github.com/benjaminabbitt/angzarr/client/go/proto/examples/inventory.pb.go:784.14,786.3 1 0
github.com/benjaminabbitt/angzarr/client/go/proto/examples/inventory.pb.go:787.2,787.10 1 0
github.com/benjaminabbitt/angzarr/client/go/proto/examples/inventory.pb.go:790.55,791.14 1 0
github.com/benjaminabbitt/angzarr/client/go/proto/examples/inventory.pb.go:791.14,793.3 1 0
github.com/benjaminabbitt/angzarr/client/go/proto/examples/inventory.pb.go:794.2,794.10 1 0
github.com/benjaminabbitt/angzarr/client/go/proto/examples/inventory.pb.go:797.61,798.14 1 0
github.com/benjaminabbitt/angzarr/client/go/proto/examples/inventory.pb.go:798.14,800.3 1 0
github.com/benjaminabbitt/angzarr/client/go/proto/examples/inventory.pb.go:801.2,801.12 1 0
github.com/benjaminabbitt/angzarr/client/go/proto/examples/inventory.pb.go:882.57,883.54 1 0
github.com/benjaminabbitt/angzarr/client/go/proto/examples/inventory.pb.go:883.54,885.3 1 0
github.com/benjaminabbitt/angzarr/client/go/proto/examples/inventory.pb.go:886.2,886.50 1 0
github.com/benjaminabbitt/angzarr/client/go/proto/examples/inventory.pb.go:921.13,921.53 1 0
github.com/benjaminabbitt/angzarr/client/go/proto/examples/inventory.pb.go:922.43,923.42 1 0
github.com/benjaminabbitt/angzarr/client/go/proto/examples/inventory.pb.go:923.42,925.3 1 0
github.com/benjaminabbitt/angzarr/client/go/proto/examples/inventory.pb.go:926.2,942.45 5 0
github.com/benjaminabbitt/angzarr/client/go/proto/examples/order.pb.go:36.31,41.2 4 0
github.com/benjaminabbitt/angzarr/client/go/proto/examples/order.pb.go:43.39,45.2 1 0
github.com/benjaminabbitt/angzarr/client/go/proto/examples/order.pb.go:47.37,47.38 0 0
github.com/benjaminabbitt/angzarr/client/go/proto/examples/order.pb.go:49.59,51.14 2 0
github.com/benjaminabbitt/angzarr/client/go/proto/examples/order.pb.go:51.14,53.34 2 0
github.com/benjaminabbitt/angzarr/client/go/proto/examples/order.pb.go:53.34,55.4 1 0
github.com/benjaminabbitt/angzarr/client/go/proto/examples/order.pb.go:56.3,56.12 1 0
github.com/benjaminabbitt/angzarr/client/go/proto/examples/order.pb.go:58.2,58.24 1 0
github.com/benjaminabbitt/angzarr/client/go/proto/examples/order.pb.go:62.50,64.2 1 0
github.com/benjaminabbitt/angzarr/client/go/proto/examples/order.pb.go:66.46,67.14 1 0
github.com/benjaminabbitt/angzarr/client/go/proto/examples/order.pb.go:67.14,69.3 1 0
github.com/benjaminabbitt/angzarr/client/go/proto/examples/order.pb.go:70.2,70.11 1 0
github.com/benjaminabbitt/angzarr/client/go/proto/examples/order.pb.go:73.46,74.14 1 0
github.com/benjaminabbitt/angzarr/client/go/proto/examples/order.pb.go:74.14,76.3 1 0
github.com/benjaminabbitt/angzarr/client/go/proto/examples/order.pb.go:77.2,77.12 1 0
github.com/benjaminabbitt/angzarr/client/go/proto/examples/order.pb.go:80.48,81.14 1 0
github.com/benjaminabbitt/angzarr/client/go/proto/examples/order.pb.go:81.14,83.3 1 0
github.com/benjaminabbitt/angzarr/client/go/proto/examples/order.pb.go:84.2,84.12 1 0
github.com/benjaminabbitt/angzarr/client/go/proto/examples/order.pb.go:87.44,88.14 1 0
github.com/benjaminabbitt/angzarr/client/go/proto/examples/order.pb.go:88.14,90.3 1 0
github.com/benjaminabbitt/angzarr/client/go/proto/examples/order.pb.go:91.2,91.12 1 0
github.com/benjaminabbitt/angzarr/client/go/proto/examples/order.pb.go:102.40,107.2 4 0
github.com/benjaminabbitt/angzarr/client/go/proto/examples/order.pb.go:109.48,111.2 1 0
github.com/benjaminabbitt/angzarr/client/go/proto/examples/order.pb.go:113.46,113.47 0 0
github.com/benjaminabbitt/angzarr/client/go/proto/examples/order.pb.go:115.68,117.14 2 0
github.com/benjaminabbitt/angzarr/client/go/proto/examples/order.pb.go:117.14,119.34 2 0
github.com/benjaminabbitt/angzarr/client/go/proto/examples/order.pb.go:119.34,121.4 1 0
github.com/benjaminabbitt/angzarr/client/go/proto/examples/order.pb.go:122.3,122.12 1 0
github.com/benjaminabbitt/angzarr/client/go/proto/examples/order.pb.go:124.2,124.24 1 0
github.com/benjaminabbitt/angzarr/client/go/proto/examples/order.pb.go:128.59,130.2 1 0
github.com/benjaminabbitt/angzarr/client/go/proto/examples/order.pb.go:132.50,133.14 1 0
github.com/benjaminabbitt/angzarr/client/go/proto/examples/order.pb.go:133.14,135.3 1 0
github.com/benjaminabbitt/angzarr/client/go/proto/examples/order.pb.go:136.2,136.10 1 0
github.com/benjaminabbitt/angzarr/client/go/proto/examples/order.pb.go:139.57,140.14 1 0
github.com/benjaminabbitt/angzarr/client/go/proto/examples/order.pb.go:140.14,142.3 1 0
github.com/benjaminabbitt/angzarr/client/go/proto/examples/order.pb.go:143.2,143.10 1 0
github.com/benjaminabbitt/angzarr/client/go/proto/examples/order.pb.go:154.33,159.2 4 0
github.com/benjaminabbitt/angzarr/client/go/proto/examples/order.pb.go:161.41,163.2 1 0
github.com/benjaminabbitt/angzarr/client/go/proto/examples/order.pb.go:165.39,165.40 0 0
github.com/benjaminabbitt/angzarr/client/go/proto/examples/order.pb.go:167.61,169.14 2 0
github.com/benjaminabbitt/angzarr/client/go/proto/examples/order.pb.go:169.14,171.34 2 0
github.com/benjaminabbitt/angzarr/client/go/proto/examples/order.pb.go:171.34,173.4 1 0
github.com/benjaminabbitt/angzarr/client/go/proto/examples/order.pb.go:174.3,174.12 1 0
github.com/benjaminabbitt/angzarr/client/go/proto/examples/order.pb.go:176.2,176.24 1 0
github.com/benjaminabbitt/angzarr/client/go/proto/examples/order.pb.go:180.52,182.2 1 0
github.com/benjaminabbitt/angzarr/client/go/proto/examples/order.pb.go:184.51,185.14 1 0
github.com/benjaminabbitt/angzarr/client/go/proto/examples/order.pb.go:185.14,187.3 1 0
github.com/benjaminabbitt/angzarr/client/go/proto/examples/order.pb.go:188.2,188.11 1 0
github.com/benjaminabbitt/angzarr/client/go/proto/examples/order.pb.go:191.48,192.14 1 0
github.com/benjaminabbitt/angzarr/client/go/proto/examples/order.pb.go:192.14,194.3 1 0
github.com/benjaminabbitt/angzarr/client/go/proto/examples/order.pb.go:195.2,195.10 1 0
github.com/benjaminabbitt/angzarr/client/go/proto/examples/order.pb.go:205.34,210.2 4 0
github.com/benjaminabbitt/angzarr/client/go/proto/examples/order.pb.go:212.42,214.2 1 0
github.com/benjaminabbitt/angzarr/client/go/proto/examples/order.pb.go:216.40,216.41 0 0
github.com/benjaminabbitt/angzarr/client/go/proto/examples/order.pb.go:218.62,220.14 2 0
github.com/benjaminabbitt/angzarr/client/go/proto/examples/order.pb.go:220.14,222.34 2 0
github.com/benjaminabbitt/angzarr/client/go/proto/examples/order.pb.go:222.34,224.4 1 0
github.com/benjaminabbitt/angzarr/client/go/proto/examples/order.pb.go:225.3,225.12 1 0
github.com/benjaminabbitt/angzarr/client/go/proto/examples/order.pb.go:227.2,227.24 1 0
github.com/benjaminabbitt/angzarr/client/go/proto/examples/order.pb.go:231.53,233.2 1 0
github.com/benjaminabbitt/angzarr/client/go/proto/examples/order.pb.go:235.55,236.14 1 0
github.com/benjaminabbitt/angzarr/client/go/proto/examples/order.pb.go:236.14,238.3 1 0
github.com/benjaminabbitt/angzarr/client/go/proto/examples/order.pb.go:239.2,239.11 1 0
github.com/benjaminabbitt/angzarr/client/go/proto/examples/order.pb.go:249.31,254.2 4 0
github.com/benjaminabbitt/angzarr/client/go/proto/examples/order.pb.go:256.39,258.2 1 0
github.com/benjaminabbitt/angzarr/client/go/proto/examples/order.pb.go:260.37,260.38 0 0
github.com/benjaminabbitt/angzarr/client/go/proto/examples/order.pb.go:262.59,264.14 2 0
github.com/benjaminabbitt/angzarr/client/go/proto/examples/order.pb.go:264.14,266.34 2 0
github.com/benjaminabbitt/angzarr/client/go/proto/examples/order.pb.go:266.34,268.4 1 0
github.com/benjaminabbitt/angzarr/client/go/proto/examples/order.pb.go:269.3,269.12 1 0
github.com/benjaminabbitt/angzarr/client/go/proto/examples/order.pb.go:271.2,271.24 1 0
github.com/benjaminabbitt/angzarr/client/go/proto/examples/order.pb.go:275.50,277.2 1 0
github.com/benjaminabbitt/angzarr/client/go/proto/examples/order.pb.go:279.42,280.14 1 0
github.com/benjaminabbitt/angzarr/client/go/proto/examples/order.pb.go:280.14,282.3 1 0
github.com/benjaminabbitt/angzarr/client/go/proto/examples/order.pb.go:283.2,283.11 1 0
github.com/benjaminabbitt/angzarr/client/go/proto/examples/order.pb.go:299.32,304.2 4 0
github.com/benjaminabbitt/angzarr/client/go/proto/examples/order.pb.go:306.40,308.2 1 0
github.com/benjaminabbitt/angzarr/client/go/proto/examples/order.pb.go:310.38,310.39 0 0
github.com/benjaminabbitt/angzarr/client/go/proto/examples/order.pb.go:312.60,314.14 2 0
github.com/benjaminabbitt/angzarr/client/go/proto/examples/order.pb.go:314.14,316.34 2 0
github.com/benjaminabbitt/angzarr/client/go/proto/examples/order.pb.go:316.34,318.4 1 0
github.com/benjaminabbitt/angzarr/client/go/proto/examples/order.pb.go:319.3,319.12 1 0
github.com/benjaminabbitt/angzarr/client/go/proto/examples/order.pb.go:321.2,321.24 1 0
github.com/benjaminabbitt/angzarr/client/go/proto/examples/order.pb.go:325.51,327.2 1 0
github.com/benjaminabbitt/angzarr/client/go/proto/examples/order.pb.go:329.47,330.14 1 0
github.com/benjaminabbitt/angzarr/client/go/proto/examples/order.pb.go:330.14,332.3 1 0
github.com/benjaminabbitt/angzarr/client/go/proto/examples/order.pb.go:333.2,333.11 1 0
github.com/benjaminabbitt/angzarr/client/go/proto/examples/order.pb.go:336.47,337.14 1 0
github.com/benjaminabbitt/angzarr/client/go/proto/examples/order.pb.go:337.14,339.3 1 0
github.com/benjaminabbitt/angzarr/client/go/proto/examples/order.pb.go:340.2,340.12 1 0
github.com/benjaminabbitt/angzarr/client/go/proto/examples/order.pb.go:343.49,344.14 1 0
github.com/benjaminabbitt/angzarr/client/go/proto/examples/order.pb.go:344.14,346.3 1 0
github.com/benjaminabbitt/angzarr/client/go/proto/examples/order.pb.go:347.2,347.10 1 0
github.com/benjaminabbitt/angzarr/client/go/proto/examples/order.pb.go:350.62,351.14 1 0
github.com/benjaminabbitt/angzarr/client/go/proto/examples/order.pb.go:351.14,353.3 1 0
github.com/benjaminabbitt/angzarr/client/go/proto/examples/order.pb.go:354.2,354.12 1 0
github.com/benjaminabbitt/angzarr/client/go/proto/examples/order.pb.go:357.49,358.14 1 0
github.com/benjaminabbitt/angzarr/client/go/proto/examples/order.pb.go:358.14,360.3 1 0
github.com/benjaminabbitt/angzarr/client/go/proto/examples/order.pb.go:361.2,361.12 1 0
github.com/benjaminabbitt/angzarr/client/go/proto/examples/order.pb.go:364.45,365.14 1 0
github.com/benjaminabbitt/angzarr/client/go/proto/examples/order.pb.go:365.14,367.3 1 0
github.com/benjaminabbitt/angzarr/client/go/proto/examples/order.pb.go:368.2,368.12 1 0
github.com/benjaminabbitt/angzarr/client/go/proto/examples/order.pb.go:380.42,385.2 4 0
github.com/benjaminabbitt/angzarr/client/go/proto/examples/order.pb.go:387.50,389.2 1 0
github.com/benjaminabbitt/angzarr/client/go/proto/examples/order.pb.go:391.48,391.49 0 0
github.com/benjaminabbitt/angzarr/client/go/proto/examples/order.pb.go:393.70,395.14 2 0
github.com/benjaminabbitt/angzarr/client/go/proto/examples/order.pb.go:395.14,397.34 2 0
github.com/benjaminabbitt/angzarr/client/go/proto/examples/order.pb.go:397.34,399.4 1 0
github.com/benjaminabbitt/angzarr/client/go/proto/examples/order.pb.go:400.3,400.12 1 0
github.com/benjaminabbitt/angzarr/client/go/proto/examples/order.pb.go:402.2,402.24 1 0
github.com/benjaminabbitt/angzarr/client/go/proto/examples/order.pb.go:406.61,408.2 1 0
github.com/benjaminabbitt/angzarr/client/go/proto/examples/order.pb.go:410.56,411.14 1 0
github.com/benjaminabbitt/angzarr/client/go/proto/examples/order.pb.go:411.14,413.3 1 0
github.com/benjaminabbitt/angzarr/client/go/proto/examples/order.pb.go:414.2,414.10 1 0
github.com/benjaminabbitt/angzarr/client/go/proto/examples/order.pb.go:417.59,418.14 1 0
github.com/benjaminabbitt/angzarr/client/go/proto/examples/order.pb.go:418.14,420.3 1 0
github.com/benjaminabbitt/angzarr/client/go/proto/examples/order.pb.go:421.2,421.10 1 0
github.com/benjaminabbitt/angzarr/client/go/proto/examples/order.pb.go:424.72,425.14 1 0
github.com/benjaminabbitt/angzarr/client/go/proto/examples/order.pb.go:425.14,427.3 1 0
github.com/benjaminabbitt/angzarr/client/go/proto/examples/order.pb.go:428.2,428.12 1 0
github.com/benjaminabbitt/angzarr/client/go/proto/examples/order.pb.go:440.36,445.2 4 0
github.com/benjaminabbitt/angzarr/client/go/proto/examples/order.pb.go:447.44,449.2 1 0
github.com/benjaminabbitt/angzarr/client/go/proto/examples/order.pb.go:451.42,451.43 0 0
github.com/benjaminabbitt/angzarr/client/go/proto/examples/order.pb.go:453.64,455.14 2 0
github.com/benjaminabbitt/angzarr/client/go/proto/examples/order.pb.go:455.14,457.34 2 0
github.com/benjaminabbitt/angzarr/client/go/proto/examples/order.pb.go:457.34,459.4 1 0
github.com/benjaminabbitt/angzarr/client/go/proto/examples/order.pb.go:460.3,460.12 1 0
github.com/benjaminabbitt/angzarr/client/go/proto/examples/order.pb.go:462.2,462.24 1 0
github.com/benjaminabbitt/angzarr/client/go/proto/examples/order.pb.go:466.55,468.2 1 0
github.com/benjaminabbitt/angzarr/client/go/proto/examples/order.pb.go:470.54,471.14 1 0
github.com/benjaminabbitt/angzarr/client/go/proto/examples/order.pb.go:471.14,473.3 1 0
github.com/benjaminabbitt/angzarr/client/go/proto/examples/order.pb.go:474.2,474.11 1 0
github.com/benjaminabbitt/angzarr/client/go/proto/examples/order.pb.go:477.51,478.14 1 0
github.com/benjaminabbitt/angzarr/client/go/proto/examples/order.pb.go:478.14,480.3 1 0
github.com/benjaminabbitt/angzarr/client/go/proto/examples/order.pb.go:481.2,481.10 1 0
github.com/benjaminabbitt/angzarr/client/go/proto/examples/order.pb.go:484.68,485.14 1 0
github.com/benjaminabbitt/angzarr/client/go/proto/examples/order.pb.go:485.14,487.3 1 0
github.com/benjaminabbitt/angzarr/client/go/proto/examples/order.pb.go:488.2,488.12 1 0
github.com/benjaminabbitt/angzarr/client/go/proto/examples/order.pb.go:508.34,513.2 4 0
github.com/benjaminabbitt/angzarr/client/go/proto/examples/order.pb.go:515.42,517.2 1 0
github.com/benjaminabbitt/angzarr/client/go/proto/examples/order.pb.go:519.40,519.41 0 0
github.com/benjaminabbitt/angzarr/client/go/proto/examples/order.pb.go:521.62,523.14 2 0
github.com/benjaminabbitt/angzarr/client/go/proto/examples/order.pb.go:523.14,525.34 2 0
github.com/benjaminabbitt/angzarr/client/go/proto/examples/order.pb.go:525.34,527.4 1 0
github.com/benjaminabbitt/angzarr/client/go/proto/examples/order.pb.go:528.3,528.12 1 0
github.com/benjaminabbitt/angzarr/client/go/proto/examples/order.pb.go:530.2,530.24 1 0
github.com/benjaminabbitt/angzarr/client/go/proto/examples/order.pb.go:534.53,536.2 1 0
github.com/benjaminabbitt/angzarr/client/go/proto/examples/order.pb.go:538.53,539.14 1 0
github.com/benjaminabbitt/angzarr/client/go/proto/examples/order.pb.go:539.14,541.3 1 0
github.com/benjaminabbitt/angzarr/client/go/proto/examples/order.pb.go:542.2,542.10 1 0
github.com/benjaminabbitt/angzarr/client/go/proto/examples/order.pb.go:545.52,546.14 1 0
github.com/benjaminabbitt/angzarr/client/go/proto/examples/order.pb.go:546.14,548.3 1 0
github.com/benjaminabbitt/angzarr/client/go/proto/examples/order.pb.go:549.2,549.11 1 0
github.com/benjaminabbitt/angzarr/client/go/proto/examples/order.pb.go:552.55,553.14 1 0
github.com/benjaminabbitt/angzarr/client/go/proto/examples/order.pb.go:553.14,555.3 1 0
github.com/benjaminabbitt/angzarr/client/go/proto/examples/order.pb.go:556.2,556.11 1 0
github.com/benjaminabbitt/angzarr/client/go/proto/examples/order.pb.go:559.57,560.14 1 0
github.com/benjaminabbitt/angzarr/client/go/proto/examples/order.pb.go:560.14,562.3 1 0
github.com/benjaminabbitt/angzarr/client/go/proto/examples/order.pb.go:563.2,563.10 1 0
github.com/benjaminabbitt/angzarr/client/go/proto/examples/order.pb.go:566.66,567.14 1 0
github.com/benjaminabbitt/angzarr/client/go/proto/examples/order.pb.go:567.14,569.3 1 0
github.com/benjaminabbitt/angzarr/client/go/proto/examples/order.pb.go:570.2,570.12 1 0
github.com/benjaminabbitt/angzarr/client/go/proto/examples/order.pb.go:573.51,574.14 1 0
github.com/benjaminabbitt/angzarr/client/go/proto/examples/order.pb.go:574.14,576.3 1 0
github.com/benjaminabbitt/angzarr/client/go/proto/examples/order.pb.go:577.2,577.12 1 0
github.com/benjaminabbitt/angzarr/client/go/proto/examples/order.pb.go:580.47,581.14 1 0
github.com/benjaminabbitt/angzarr/client/go/proto/examples/order.pb.go:581.14,583.3 1 0
github.com/benjaminabbitt/angzarr/client/go/proto/examples/order.pb.go:584.2,584.12 1 0
github.com/benjaminabbitt/angzarr/client/go/proto/examples/order.pb.go:587.49,588.14 1 0
github.com/benjaminabbitt/angzarr/client/go/proto/examples/order.pb.go:588.14,590.3 1 0
github.com/benjaminabbitt/angzarr/client/go/proto/examples/order.pb.go:591.2,591.12 1 0
github.com/benjaminabbitt/angzarr/client/go/proto/examples/order.pb.go:594.55,595.14 1 0
github.com/benjaminabbitt/angzarr/client/go/proto/examples/order.pb.go:595.14,597.3 1 0
github.com/benjaminabbitt/angzarr/client/go/proto/examples/order.pb.go:598.2,598.11 1 0
github.com/benjaminabbitt/angzarr/client/go/proto/examples/order.pb.go:613.34,618.2 4 0
github.com/benjaminabbitt/angzarr/client/go/proto/examples/order.pb.go:620.42,622.2 1 0
github.com/benjaminabbitt/angzarr/client/go/proto/examples/order.pb.go:624.40,624.41 0 0
github.com/benjaminabbitt/angzarr/client/go/proto/examples/order.pb.go:626.62,628.14 2 0
github.com/benjaminabbitt/angzarr/client/go/proto/examples/order.pb.go:628.14,630.34 2 0
github.com/benjaminabbitt/angzarr/client/go/proto/examples/order.pb.go:630.34,632.4 1 0
github.com/benjaminabbitt/angzarr/client/go/proto/examples/order.pb.go:633.3,633.12 1 0
github.com/benjaminabbitt/angzarr/client/go/proto/examples/order.pb.go:635.2,635.24 1 0
github.com/benjaminabbitt/angzarr/client/go/proto/examples/order.pb.go:639.53,641.2 1 0
github.com/benjaminabbitt/angzarr/client/go/proto/examples/order.pb.go:643.45,644.14 1 0
github.com/benjaminabbitt/angzarr/client/go/proto/examples/order.pb.go:644.14,646.3 1 0
github.com/benjaminabbitt/angzarr/client/go/proto/examples/order.pb.go:647.2,647.11 1 0
github.com/benjaminabbitt/angzarr/client/go/proto/examples/order.pb.go:650.66,651.14 1 0
github.com/benjaminabbitt/angzarr/client/go/proto/examples/order.pb.go:651.14,653.3 1 0
github.com/benjaminabbitt/angzarr/client/go/proto/examples/order.pb.go:654.2,654.12 1 0
github.com/benjaminabbitt/angzarr/client/go/proto/examples/order.pb.go:657.55,658.14 1 0
github.com/benjaminabbitt/angzarr/client/go/proto/examples/order.pb.go:658.14,660.3 1 0
github.com/benjaminabbitt/angzarr/client/go/proto/examples/order.pb.go:661.2,661.10 1 0
github.com/benjaminabbitt/angzarr/client/go/proto/examples/order.pb.go:664.51,665.14 1 0
github.com/benjaminabbitt/angzarr/client/go/proto/examples/order.pb.go:665.14,667.3 1 0
github.com/benjaminabbitt/angzarr/client/go/proto/examples/order.pb.go:668.2,668.12 1 0
github.com/benjaminabbitt/angzarr/client/go/proto/examples/order.pb.go:671.49,672.14 1 0
github.com/benjaminabbitt/angzarr/client/go/proto/examples/order.pb.go:672.14,674.3 1 0
github.com/benjaminabbitt/angzarr/client/go/proto/examples/order.pb.go:675.2,675.12 1 0
github.com/benjaminabbitt/angzarr/client/go/proto/examples/order.pb.go:678.47,679.14 1 0
github.com/benjaminabbitt/angzarr/client/go/proto/examples/order.pb.go:679.14,681.3 1 0
github.com/benjaminabbitt/angzarr/client/go/proto/examples/order.pb.go:682.2,682.12 1 0
github.com/benjaminabbitt/angzarr/client/go/proto/examples/order.pb.go:697.28,702.2 4 0
github.com/benjaminabbitt/angzarr/client/go/proto/examples/order.pb.go:704.36,706.2 1 0
github.com/benjaminabbitt/angzarr/client/go/proto/examples/order.pb.go:708.34,708.35 0 0
github.com/benjaminabbitt/angzarr/client/go/proto/examples/order.pb.go:710.56,712.14 2 0
github.com/benjaminabbitt/angzarr/client/go/proto/examples/order.pb.go:712.14,714.34 2 0
github.com/benjaminabbitt/angzarr/client/go/proto/examples/order.pb.go:714.34,716.4 1 0
github.com/benjaminabbitt/angzarr/client/go/proto/examples/order.pb.go:717.3,717.12 1 0
github.com/benjaminabbitt/angzarr/client/go/proto/examples/order.pb.go:719.2,719.24 1 0
github.com/benjaminabbitt/angzarr/client/go/proto/examples/order.pb.go:723.47,725.2 1 0
github.com/benjaminabbitt/angzarr/client/go/proto/examples/order.pb.go:727.42,728.14 1 0
github.com/benjaminabbitt/angzarr/client/go/proto/examples/order.pb.go:728.14,730.3 1 0
github.com/benjaminabbitt/angzarr/client/go/proto/examples/order.pb.go:731.2,731.11 1 0
github.com/benjaminabbitt/angzarr/client/go/proto/examples/order.pb.go:734.37,735.14 1 0
github.com/benjaminabbitt/angzarr/client/go/proto/examples/order.pb.go:735.14,737.3 1 0
github.com/benjaminabbitt/angzarr/client/go/proto/examples/order.pb.go:738.2,738.11 1 0
github.com/benjaminabbitt/angzarr/client/go/proto/examples/order.pb.go:741.40,742.14 1 0
github.com/benjaminabbitt/angzarr/client/go/proto/examples/order.pb.go:742.14,744.3 1 0
github.com/benjaminabbitt/angzarr/client/go/proto/examples/order.pb.go:745.2,745.10 1 0
github.com/benjaminabbitt/angzarr/client/go/proto/examples/order.pb.go:748.46,749.14 1 0
github.com/benjaminabbitt/angzarr/client/go/proto/examples/order.pb.go:749.14,751.3 1 0
github.com/benjaminabbitt/angzarr/client/go/proto/examples/order.pb.go:752.2,752.10 1 0
github.com/benjaminabbitt/angzarr/client/go/proto/examples/order.pb.go:755.44,756.14 1 0
github.com/benjaminabbitt/angzarr/client/go/proto/examples/order.pb.go:756.14,758.3 1 0
github.com/benjaminabbitt/angzarr/client/go/proto/examples/order.pb.go:759.2,759.12 1 0
github.com/benjaminabbitt/angzarr/client/go/proto/examples/order.pb.go:779.30,784.2 4 0
github.com/benjaminabbitt/angzarr/client/go/proto/examples/order.pb.go:786.38,788.2 1 0
github.com/benjaminabbitt/angzarr/client/go/proto/examples/order.pb.go:790.36,790.37 0 0
github.com/benjaminabbitt/angzarr/client/go/proto/examples/order.pb.go:792.58,794.14 2 0
github.com/benjaminabbitt/angzarr/client/go/proto/examples/order.pb.go:794.14,796.34 2 0
github.com/benjaminabbitt/angzarr/client/go/proto/examples/order.pb.go:796.34,798.4 1 0
github.com/benjaminabbitt/angzarr/client/go/proto/examples/order.pb.go:799.3,799.12 1 0
github.com/benjaminabbitt/angzarr/client/go/proto/examples/order.pb.go:801.2,801.24 1 0
github.com/benjaminabbitt/angzarr/client/go/proto/examples/order.pb.go:805.49,807.2 1 0
github.com/benjaminabbitt/angzarr/client/go/proto/examples/order.pb.go:809.45,810.14 1 0
github.com/benjaminabbitt/angzarr/client/go/proto/examples/order.pb.go:810.14,812.3 1 0
github.com/benjaminabbitt/angzarr/client/go/proto/examples/order.pb.go:813.2,813.11 1 0
github.com/benjaminabbitt/angzarr/client/go/proto/examples/order.pb.go:816.45,817.14 1 0
github.com/benjaminabbitt/angzarr/client/go/proto/examples/order.pb.go:817.14,819.3 1 0
github.com/benjaminabbitt/angzarr/client/go/proto/examples/order.pb.go:820.2,820.12 1 0
github.com/benjaminabbitt/angzarr/client/go/proto/examples/order.pb.go:823.47,824.14 1 0
[...]
github.com/benjaminabbitt/angzarr/client/go/proto/angzarr/types.pb.go:1871.34,1873.4 1 0
github.com/benjaminabbitt/angzarr/client/go/proto/angzarr/types.pb.go:1874.3,1874.12 1 0
github.com/benjaminabbitt/angzarr/client/go/proto/angzarr/types.pb.go:1876.2,1876.24 1 0
github.com/benjaminabbitt/angzarr/client/go/proto/angzarr/types.pb.go:1880.52,1882.2 1 0
github.com/benjaminabbitt/angzarr/client/go/proto/angzarr/types.pb.go:1884.70,1885.14 1 0
github.com/benjaminabbitt/angzarr/client/go/proto/angzarr/types.pb.go:1885.14,1887.3 1 0
github.com/benjaminabbitt/angzarr/client/go/proto/angzarr/types.pb.go:1888.2,1888.12 1 0
github.com/benjaminabbitt/angzarr/client/go/proto/angzarr/types.pb.go:1891.62,1892.14 1 0
github.com/benjaminabbitt/angzarr/client/go/proto/angzarr/types.pb.go:1892.14,1893.59 1 0
github.com/benjaminabbitt/angzarr/client/go/proto/angzarr/types.pb.go:1893.59,1895.4 1 0
github.com/benjaminabbitt/angzarr/client/go/proto/angzarr/types.pb.go:1897.2,1897.12 1 0
github.com/benjaminabbitt/angzarr/client/go/proto/angzarr/types.pb.go:1900.50,1901.14 1 0
github.com/benjaminabbitt/angzarr/client/go/proto/angzarr/types.pb.go:1901.14,1902.63 1 0
github.com/benjaminabbitt/angzarr/client/go/proto/angzarr/types.pb.go:1902.63,1904.4 1 0
github.com/benjaminabbitt/angzarr/client/go/proto/angzarr/types.pb.go:1906.2,1906.10 1 0
github.com/benjaminabbitt/angzarr/client/go/proto/angzarr/types.pb.go:1921.63,1921.64 0 0
github.com/benjaminabbitt/angzarr/client/go/proto/angzarr/types.pb.go:1923.67,1923.68 0 0
github.com/benjaminabbitt/angzarr/client/go/proto/angzarr/types.pb.go:1943.25,1948.2 4 0
github.com/benjaminabbitt/angzarr/client/go/proto/angzarr/types.pb.go:1950.33,1952.2 1 0
github.com/benjaminabbitt/angzarr/client/go/proto/angzarr/types.pb.go:1954.31,1954.32 0 0
github.com/benjaminabbitt/angzarr/client/go/proto/angzarr/types.pb.go:1956.53,1958.14 2 0
github.com/benjaminabbitt/angzarr/client/go/proto/angzarr/types.pb.go:1958.14,1960.34 2 0
github.com/benjaminabbitt/angzarr/client/go/proto/angzarr/types.pb.go:1960.34,1962.4 1 0
github.com/benjaminabbitt/angzarr/client/go/proto/angzarr/types.pb.go:1963.3,1963.12 1 0
github.com/benjaminabbitt/angzarr/client/go/proto/angzarr/types.pb.go:1965.2,1965.24 1 0
github.com/benjaminabbitt/angzarr/client/go/proto/angzarr/types.pb.go:1969.44,1971.2 1 0
github.com/benjaminabbitt/angzarr/client/go/proto/angzarr/types.pb.go:1973.35,1974.14 1 0
github.com/benjaminabbitt/angzarr/client/go/proto/angzarr/types.pb.go:1974.14,1976.3 1 0
github.com/benjaminabbitt/angzarr/client/go/proto/angzarr/types.pb.go:1977.2,1977.12 1 0
github.com/benjaminabbitt/angzarr/client/go/proto/angzarr/types.pb.go:1980.50,1981.14 1 0
github.com/benjaminabbitt/angzarr/client/go/proto/angzarr/types.pb.go:1981.14,1983.3 1 0
github.com/benjaminabbitt/angzarr/client/go/proto/angzarr/types.pb.go:1984.2,1984.12 1 0
github.com/benjaminabbitt/angzarr/client/go/proto/angzarr/types.pb.go:1987.43,1988.14 1 0
github.com/benjaminabbitt/angzarr/client/go/proto/angzarr/types.pb.go:1988.14,1989.46 1 0
github.com/benjaminabbitt/angzarr/client/go/proto/angzarr/types.pb.go:1989.46,1991.4 1 0
github.com/benjaminabbitt/angzarr/client/go/proto/angzarr/types.pb.go:1993.2,1993.12 1 0
github.com/benjaminabbitt/angzarr/client/go/proto/angzarr/types.pb.go:1996.45,1997.14 1 0
github.com/benjaminabbitt/angzarr/client/go/proto/angzarr/types.pb.go:1997.14,1998.50 1 0
github.com/benjaminabbitt/angzarr/client/go/proto/angzarr/types.pb.go:1998.50,2000.4 1 0
github.com/benjaminabbitt/angzarr/client/go/proto/angzarr/types.pb.go:2002.2,2002.12 1 0
github.com/benjaminabbitt/angzarr/client/go/proto/angzarr/types.pb.go:2005.46,2006.14 1 0
github.com/benjaminabbitt/angzarr/client/go/proto/angzarr/types.pb.go:2006.14,2007.49 1 0
github.com/benjaminabbitt/angzarr/client/go/proto/angzarr/types.pb.go:2007.49,2009.4 1 0
github.com/benjaminabbitt/angzarr/client/go/proto/angzarr/types.pb.go:2011.2,2011.12 1 0
github.com/benjaminabbitt/angzarr/client/go/proto/angzarr/types.pb.go:2030.42,2030.43 0 0
github.com/benjaminabbitt/angzarr/client/go/proto/angzarr/types.pb.go:2032.46,2032.47 0 0
github.com/benjaminabbitt/angzarr/client/go/proto/angzarr/types.pb.go:2034.45,2034.46 0 0
github.com/benjaminabbitt/angzarr/client/go/proto/angzarr/types.pb.go:2044.33,2049.2 4 0
github.com/benjaminabbitt/angzarr/client/go/proto/angzarr/types.pb.go:2051.41,2053.2 1 0
github.com/benjaminabbitt/angzarr/client/go/proto/angzarr/types.pb.go:2055.39,2055.40 0 0
github.com/benjaminabbitt/angzarr/client/go/proto/angzarr/types.pb.go:2057.61,2059.14 2 0
github.com/benjaminabbitt/angzarr/client/go/proto/angzarr/types.pb.go:2059.14,2061.34 2 0
github.com/benjaminabbitt/angzarr/client/go/proto/angzarr/types.pb.go:2061.34,2063.4 1 0
github.com/benjaminabbitt/angzarr/client/go/proto/angzarr/types.pb.go:2064.3,2064.12 1 0
github.com/benjaminabbitt/angzarr/client/go/proto/angzarr/types.pb.go:2066.2,2066.24 1 0
github.com/benjaminabbitt/angzarr/client/go/proto/angzarr/types.pb.go:2070.52,2072.2 1 0
github.com/benjaminabbitt/angzarr/client/go/proto/angzarr/types.pb.go:2074.44,2075.14 1 0
github.com/benjaminabbitt/angzarr/client/go/proto/angzarr/types.pb.go:2075.14,2077.3 1 0
github.com/benjaminabbitt/angzarr/client/go/proto/angzarr/types.pb.go:2078.2,2078.11 1 0
github.com/benjaminabbitt/angzarr/client/go/proto/angzarr/types.pb.go:2081.41,2082.14 1 0
github.com/benjaminabbitt/angzarr/client/go/proto/angzarr/types.pb.go:2082.14,2084.3 1 0
github.com/benjaminabbitt/angzarr/client/go/proto/angzarr/types.pb.go:2085.2,2085.12 1 0
github.com/benjaminabbitt/angzarr/client/go/proto/angzarr/types.pb.go:2097.33,2102.2 4 0
github.com/benjaminabbitt/angzarr/client/go/proto/angzarr/types.pb.go:2104.41,2106.2 1 0
github.com/benjaminabbitt/angzarr/client/go/proto/angzarr/types.pb.go:2108.39,2108.40 0 0
github.com/benjaminabbitt/angzarr/client/go/proto/angzarr/types.pb.go:2110.61,2112.14 2 0
github.com/benjaminabbitt/angzarr/client/go/proto/angzarr/types.pb.go:2112.14,2114.34 2 0
github.com/benjaminabbitt/angzarr/client/go/proto/angzarr/types.pb.go:2114.34,2116.4 1 0
github.com/benjaminabbitt/angzarr/client/go/proto/angzarr/types.pb.go:2117.3,2117.12 1 0
github.com/benjaminabbitt/angzarr/client/go/proto/angzarr/types.pb.go:2119.2,2119.24 1 0
github.com/benjaminabbitt/angzarr/client/go/proto/angzarr/types.pb.go:2123.52,2125.2 1 0
github.com/benjaminabbitt/angzarr/client/go/proto/angzarr/types.pb.go:2127.51,2128.14 1 0
github.com/benjaminabbitt/angzarr/client/go/proto/angzarr/types.pb.go:2128.14,2130.3 1 0
github.com/benjaminabbitt/angzarr/client/go/proto/angzarr/types.pb.go:2131.2,2131.12 1 0
github.com/benjaminabbitt/angzarr/client/go/proto/angzarr/types.pb.go:2134.57,2135.14 1 0
github.com/benjaminabbitt/angzarr/client/go/proto/angzarr/types.pb.go:2135.14,2137.3 1 0
github.com/benjaminabbitt/angzarr/client/go/proto/angzarr/types.pb.go:2138.2,2138.12 1 0
github.com/benjaminabbitt/angzarr/client/go/proto/angzarr/types.pb.go:2149.37,2154.2 4 0
github.com/benjaminabbitt/angzarr/client/go/proto/angzarr/types.pb.go:2156.45,2158.2 1 0
github.com/benjaminabbitt/angzarr/client/go/proto/angzarr/types.pb.go:2160.43,2160.44 0 0
github.com/benjaminabbitt/angzarr/client/go/proto/angzarr/types.pb.go:2162.65,2164.14 2 0
github.com/benjaminabbitt/angzarr/client/go/proto/angzarr/types.pb.go:2164.14,2166.34 2 0
github.com/benjaminabbitt/angzarr/client/go/proto/angzarr/types.pb.go:2166.34,2168.4 1 0
github.com/benjaminabbitt/angzarr/client/go/proto/angzarr/types.pb.go:2169.3,2169.12 1 0
github.com/benjaminabbitt/angzarr/client/go/proto/angzarr/types.pb.go:2171.2,2171.24 1 0
github.com/benjaminabbitt/angzarr/client/go/proto/angzarr/types.pb.go:2175.56,2177.2 1 0
github.com/benjaminabbitt/angzarr/client/go/proto/angzarr/types.pb.go:2179.55,2180.14 1 0
github.com/benjaminabbitt/angzarr/client/go/proto/angzarr/types.pb.go:2180.14,2182.3 1 0
github.com/benjaminabbitt/angzarr/client/go/proto/angzarr/types.pb.go:2183.2,2183.11 1 0
github.com/benjaminabbitt/angzarr/client/go/proto/angzarr/types.pb.go:2196.26,2201.2 4 0
github.com/benjaminabbitt/angzarr/client/go/proto/angzarr/types.pb.go:2203.34,2205.2 1 0
github.com/benjaminabbitt/angzarr/client/go/proto/angzarr/types.pb.go:2207.32,2207.33 0 0
github.com/benjaminabbitt/angzarr/client/go/proto/angzarr/types.pb.go:2209.54,2211.14 2 0
github.com/benjaminabbitt/angzarr/client/go/proto/angzarr/types.pb.go:2211.14,2213.34 2 0
github.com/benjaminabbitt/angzarr/client/go/proto/angzarr/types.pb.go:2213.34,2215.4 1 0
github.com/benjaminabbitt/angzarr/client/go/proto/angzarr/types.pb.go:2216.3,2216.12 1 0
github.com/benjaminabbitt/angzarr/client/go/proto/angzarr/types.pb.go:2218.2,2218.24 1 0
github.com/benjaminabbitt/angzarr/client/go/proto/angzarr/types.pb.go:2222.45,2224.2 1 0
github.com/benjaminabbitt/angzarr/client/go/proto/angzarr/types.pb.go:2226.37,2227.14 1 0
github.com/benjaminabbitt/angzarr/client/go/proto/angzarr/types.pb.go:2227.14,2229.3 1 0
github.com/benjaminabbitt/angzarr/client/go/proto/angzarr/types.pb.go:2230.2,2230.11 1 0
github.com/benjaminabbitt/angzarr/client/go/proto/angzarr/types.pb.go:2233.38,2234.14 1 0
github.com/benjaminabbitt/angzarr/client/go/proto/angzarr/types.pb.go:2234.14,2236.3 1 0
github.com/benjaminabbitt/angzarr/client/go/proto/angzarr/types.pb.go:2237.2,2237.12 1 0
github.com/benjaminabbitt/angzarr/client/go/proto/angzarr/types.pb.go:2251.39,2256.2 4 0
github.com/benjaminabbitt/angzarr/client/go/proto/angzarr/types.pb.go:2258.47,2260.2 1 0
github.com/benjaminabbitt/angzarr/client/go/proto/angzarr/types.pb.go:2262.45,2262.46 0 0
github.com/benjaminabbitt/angzarr/client/go/proto/angzarr/types.pb.go:2264.67,2266.14 2 0
github.com/benjaminabbitt/angzarr/client/go/proto/angzarr/types.pb.go:2266.14,2268.34 2 0
github.com/benjaminabbitt/angzarr/client/go/proto/angzarr/types.pb.go:2268.34,2270.4 1 0
github.com/benjaminabbitt/angzarr/client/go/proto/angzarr/types.pb.go:2271.3,2271.12 1 0
github.com/benjaminabbitt/angzarr/client/go/proto/angzarr/types.pb.go:2273.2,2273.24 1 0
github.com/benjaminabbitt/angzarr/client/go/proto/angzarr/types.pb.go:2277.58,2279.2 1 0
github.com/benjaminabbitt/angzarr/client/go/proto/angzarr/types.pb.go:2281.48,2282.14 1 0
github.com/benjaminabbitt/angzarr/client/go/proto/angzarr/types.pb.go:2282.14,2284.3 1 0
github.com/benjaminabbitt/angzarr/client/go/proto/angzarr/types.pb.go:2285.2,2285.11 1 0
github.com/benjaminabbitt/angzarr/client/go/proto/angzarr/types.pb.go:2288.57,2289.14 1 0
github.com/benjaminabbitt/angzarr/client/go/proto/angzarr/types.pb.go:2289.14,2291.3 1 0
github.com/benjaminabbitt/angzarr/client/go/proto/angzarr/types.pb.go:2292.2,2292.11 1 0
github.com/benjaminabbitt/angzarr/client/go/proto/angzarr/types.pb.go:2295.53,2296.14 1 0
github.com/benjaminabbitt/angzarr/client/go/proto/angzarr/types.pb.go:2296.14,2298.3 1 0
github.com/benjaminabbitt/angzarr/client/go/proto/angzarr/types.pb.go:2299.2,2299.12 1 0
github.com/benjaminabbitt/angzarr/client/go/proto/angzarr/types.pb.go:2309.40,2314.2 4 0
github.com/benjaminabbitt/angzarr/client/go/proto/angzarr/types.pb.go:2316.48,2318.2 1 0
github.com/benjaminabbitt/angzarr/client/go/proto/angzarr/types.pb.go:2320.46,2320.47 0 0
github.com/benjaminabbitt/angzarr/client/go/proto/angzarr/types.pb.go:2322.68,2324.14 2 0
github.com/benjaminabbitt/angzarr/client/go/proto/angzarr/types.pb.go:2324.14,2326.34 2 0
github.com/benjaminabbitt/angzarr/client/go/proto/angzarr/types.pb.go:2326.34,2328.4 1 0
github.com/benjaminabbitt/angzarr/client/go/proto/angzarr/types.pb.go:2329.3,2329.12 1 0
github.com/benjaminabbitt/angzarr/client/go/proto/angzarr/types.pb.go:2331.2,2331.24 1 0
github.com/benjaminabbitt/angzarr/client/go/proto/angzarr/types.pb.go:2335.59,2337.2 1 0
github.com/benjaminabbitt/angzarr/client/go/proto/angzarr/types.pb.go:2349.37,2354.2 4 0
github.com/benjaminabbitt/angzarr/client/go/proto/angzarr/types.pb.go:2356.45,2358.2 1 0
github.com/benjaminabbitt/angzarr/client/go/proto/angzarr/types.pb.go:2360.43,2360.44 0 0
github.com/benjaminabbitt/angzarr/client/go/proto/angzarr/types.pb.go:2362.65,2364.14 2 0
github.com/benjaminabbitt/angzarr/client/go/proto/angzarr/types.pb.go:2364.14,2366.34 2 0
github.com/benjaminabbitt/angzarr/client/go/proto/angzarr/types.pb.go:2366.34,2368.4 1 0
github.com/benjaminabbitt/angzarr/client/go/proto/angzarr/types.pb.go:2369.3,2369.12 1 0
github.com/benjaminabbitt/angzarr/client/go/proto/angzarr/types.pb.go:2371.2,2371.24 1 0
github.com/benjaminabbitt/angzarr/client/go/proto/angzarr/types.pb.go:2375.56,2377.2 1 0
github.com/benjaminabbitt/angzarr/client/go/proto/angzarr/types.pb.go:2379.67,2380.14 1 0
github.com/benjaminabbitt/angzarr/client/go/proto/angzarr/types.pb.go:2380.14,2382.3 1 0
github.com/benjaminabbitt/angzarr/client/go/proto/angzarr/types.pb.go:2383.2,2383.12 1 0
github.com/benjaminabbitt/angzarr/client/go/proto/angzarr/types.pb.go:2386.47,2387.14 1 0
github.com/benjaminabbitt/angzarr/client/go/proto/angzarr/types.pb.go:2387.14,2389.3 1 0
github.com/benjaminabbitt/angzarr/client/go/proto/angzarr/types.pb.go:2390.2,2390.11 1 0
github.com/benjaminabbitt/angzarr/client/go/proto/angzarr/types.pb.go:2403.39,2408.2 4 0
github.com/benjaminabbitt/angzarr/client/go/proto/angzarr/types.pb.go:2410.47,2412.2 1 0
github.com/benjaminabbitt/angzarr/client/go/proto/angzarr/types.pb.go:2414.45,2414.46 0 0
github.com/benjaminabbitt/angzarr/client/go/proto/angzarr/types.pb.go:2416.67,2418.14 2 0
github.com/benjaminabbitt/angzarr/client/go/proto/angzarr/types.pb.go:2418.14,2420.34 2 0
github.com/benjaminabbitt/angzarr/client/go/proto/angzarr/types.pb.go:2420.34,2422.4 1 0
github.com/benjaminabbitt/angzarr/client/go/proto/angzarr/types.pb.go:2423.3,2423.12 1 0
github.com/benjaminabbitt/angzarr/client/go/proto/angzarr/types.pb.go:2425.2,2425.24 1 0
github.com/benjaminabbitt/angzarr/client/go/proto/angzarr/types.pb.go:2429.58,2431.2 1 0
github.com/benjaminabbitt/angzarr/client/go/proto/angzarr/types.pb.go:2433.69,2434.14 1 0
github.com/benjaminabbitt/angzarr/client/go/proto/angzarr/types.pb.go:2434.14,2436.3 1 0
github.com/benjaminabbitt/angzarr/client/go/proto/angzarr/types.pb.go:2437.2,2437.12 1 0
github.com/benjaminabbitt/angzarr/client/go/proto/angzarr/types.pb.go:2440.49,2441.14 1 0
github.com/benjaminabbitt/angzarr/client/go/proto/angzarr/types.pb.go:2441.14,2443.3 1 0
github.com/benjaminabbitt/angzarr/client/go/proto/angzarr/types.pb.go:2444.2,2444.11 1 0
github.com/benjaminabbitt/angzarr/client/go/proto/angzarr/types.pb.go:2447.72,2448.14 1 0
github.com/benjaminabbitt/angzarr/client/go/proto/angzarr/types.pb.go:2448.14,2450.3 1 0
github.com/benjaminabbitt/angzarr/client/go/proto/angzarr/types.pb.go:2451.2,2451.12 1 0
github.com/benjaminabbitt/angzarr/client/go/proto/angzarr/types.pb.go:2630.52,2631.49 1 0
github.com/benjaminabbitt/angzarr/client/go/proto/angzarr/types.pb.go:2631.49,2633.3 1 0
github.com/benjaminabbitt/angzarr/client/go/proto/angzarr/types.pb.go:2634.2,2634.45 1 0
github.com/benjaminabbitt/angzarr/client/go/proto/angzarr/types.pb.go:2744.13,2744.48 1 0
github.com/benjaminabbitt/angzarr/client/go/proto/angzarr/types.pb.go:2745.38,2746.37 1 0
github.com/benjaminabbitt/angzarr/client/go/proto/angzarr/types.pb.go:2746.37,2748.3 1 0
github.com/benjaminabbitt/angzarr/client/go/proto/angzarr/types.pb.go:2749.2,2784.40 10 0
github.com/benjaminabbitt/angzarr/client/go/proto/angzarr/upcaster.pb.go:32.33,37.2 4 0
github.com/benjaminabbitt/angzarr/client/go/proto/angzarr/upcaster.pb.go:39.41,41.2 1 0
github.com/benjaminabbitt/angzarr/client/go/proto/angzarr/upcaster.pb.go:43.39,43.40 0 0
github.com/benjaminabbitt/angzarr/client/go/proto/angzarr/upcaster.pb.go:45.61,47.14 2 0
github.com/benjaminabbitt/angzarr/client/go/proto/angzarr/upcaster.pb.go:47.14,49.34 2 0
github.com/benjaminabbitt/angzarr/client/go/proto/angzarr/upcaster.pb.go:49.34,51.4 1 0
github.com/benjaminabbitt/angzarr/client/go/proto/angzarr/upcaster.pb.go:52.3,52.12 1 0
github.com/benjaminabbitt/angzarr/client/go/proto/angzarr/upcaster.pb.go:54.2,54.24 1 0
github.com/benjaminabbitt/angzarr/client/go/proto/angzarr/upcaster.pb.go:58.52,60.2 1 0
github.com/benjaminabbitt/angzarr/client/go/proto/angzarr/upcaster.pb.go:62.44,63.14 1 0
github.com/benjaminabbitt/angzarr/client/go/proto/angzarr/upcaster.pb.go:63.14,65.3 1 0
github.com/benjaminabbitt/angzarr/client/go/proto/angzarr/upcaster.pb.go:66.2,66.11 1 0
github.com/benjaminabbitt/angzarr/client/go/proto/angzarr/upcaster.pb.go:69.50,70.14 1 0
github.com/benjaminabbitt/angzarr/client/go/proto/angzarr/upcaster.pb.go:70.14,72.3 1 0
github.com/benjaminabbitt/angzarr/client/go/proto/angzarr/upcaster.pb.go:73.2,73.12 1 0
github.com/benjaminabbitt/angzarr/client/go/proto/angzarr/upcaster.pb.go:83.34,88.2 4 0
github.com/benjaminabbitt/angzarr/client/go/proto/angzarr/upcaster.pb.go:90.42,92.2 1 0
github.com/benjaminabbitt/angzarr/client/go/proto/angzarr/upcaster.pb.go:94.40,94.41 0 0
github.com/benjaminabbitt/angzarr/client/go/proto/angzarr/upcaster.pb.go:96.62,98.14 2 0
github.com/benjaminabbitt/angzarr/client/go/proto/angzarr/upcaster.pb.go:98.14,100.34 2 0
github.com/benjaminabbitt/angzarr/client/go/proto/angzarr/upcaster.pb.go:100.34,102.4 1 0
github.com/benjaminabbitt/angzarr/client/go/proto/angzarr/upcaster.pb.go:103.3,103.12 1 0
github.com/benjaminabbitt/angzarr/client/go/proto/angzarr/upcaster.pb.go:105.2,105.24 1 0
github.com/benjaminabbitt/angzarr/client/go/proto/angzarr/upcaster.pb.go:109.53,111.2 1 0
github.com/benjaminabbitt/angzarr/client/go/proto/angzarr/upcaster.pb.go:113.51,114.14 1 0
github.com/benjaminabbitt/angzarr/client/go/proto/angzarr/upcaster.pb.go:114.14,116.3 1 0
github.com/benjaminabbitt/angzarr/client/go/proto/angzarr/upcaster.pb.go:117.2,117.12 1 0
github.com/benjaminabbitt/angzarr/client/go/proto/angzarr/upcaster.pb.go:139.55,140.52 1 0
github.com/benjaminabbitt/angzarr/client/go/proto/angzarr/upcaster.pb.go:140.52,142.3 1 0
github.com/benjaminabbitt/angzarr/client/go/proto/angzarr/upcaster.pb.go:143.2,143.48 1 0
github.com/benjaminabbitt/angzarr/client/go/proto/angzarr/upcaster.pb.go:164.13,164.51 1 0
github.com/benjaminabbitt/angzarr/client/go/proto/angzarr/upcaster.pb.go:165.41,166.40 1 0
github.com/benjaminabbitt/angzarr/client/go/proto/angzarr/upcaster.pb.go:166.40,168.3 1 0
github.com/benjaminabbitt/angzarr/client/go/proto/angzarr/upcaster.pb.go:169.2,186.43 6 0
github.com/benjaminabbitt/angzarr/client/go/proto/angzarr/upcaster_grpc.pb.go:41.82,43.2 1 0
github.com/benjaminabbitt/angzarr/client/go/proto/angzarr/upcaster_grpc.pb.go:45.130,49.16 4 0
github.com/benjaminabbitt/angzarr/client/go/proto/angzarr/upcaster_grpc.pb.go:49.16,51.3 1 0
github.com/benjaminabbitt/angzarr/client/go/proto/angzarr/upcaster_grpc.pb.go:52.2,52.17 1 0
github.com/benjaminabbitt/angzarr/client/go/proto/angzarr/upcaster_grpc.pb.go:75.108,77.2 1 0
github.com/benjaminabbitt/angzarr/client/go/proto/angzarr/upcaster_grpc.pb.go:78.90,78.91 0 0
github.com/benjaminabbitt/angzarr/client/go/proto/angzarr/upcaster_grpc.pb.go:79.90,79.91 0 0
github.com/benjaminabbitt/angzarr/client/go/proto/angzarr/upcaster_grpc.pb.go:88.88,93.59 1 0
github.com/benjaminabbitt/angzarr/client/go/proto/angzarr/upcaster_grpc.pb.go:93.59,95.3 1 0
github.com/benjaminabbitt/angzarr/client/go/proto/angzarr/upcaster_grpc.pb.go:96.2,96.54 1 0
github.com/benjaminabbitt/angzarr/client/go/proto/angzarr/upcaster_grpc.pb.go:99.167,101.32 2 0
github.com/benjaminabbitt/angzarr/client/go/proto/angzarr/upcaster_grpc.pb.go:101.32,103.3 1 0
github.com/benjaminabbitt/angzarr/client/go/proto/angzarr/upcaster_grpc.pb.go:104.2,104.24 1 0
github.com/benjaminabbitt/angzarr/client/go/proto/angzarr/upcaster_grpc.pb.go:104.24,106.3 1 0
github.com/benjaminabbitt/angzarr/client/go/proto/angzarr/upcaster_grpc.pb.go:107.2,111.77 2 0
github.com/benjaminabbitt/angzarr/client/go/proto/angzarr/upcaster_grpc.pb.go:111.77,113.3 1 0
github.com/benjaminabbitt/angzarr/client/go/proto/angzarr/upcaster_grpc.pb.go:114.2,114.44 1 0
