<?xml version="1.0" encoding="UTF-8"?>
<testsuite name="dev.angzarr.examples.saga.DefaultLoyaltySagaLogicTest" tests="4" skipped="0" failures="0" errors="0" timestamp="2026-01-11T21:57:53" hostname="DESKTOP-GJ1OCQP" time="0.114">
  <properties/>
  <testcase name="processEvents generates command for completed transaction with points()" classname="dev.angzarr.examples.saga.DefaultLoyaltySagaLogicTest" time="0.107"/>
  <testcase name="processEvents returns empty for non-completed transaction()" classname="dev.angzarr.examples.saga.DefaultLoyaltySagaLogicTest" time="0.004"/>
  <testcase name="processEvents returns empty for completed transaction with zero points()" classname="dev.angzarr.examples.saga.DefaultLoyaltySagaLogicTest" time="0.0"/>
  <testcase name="processEvents returns empty for empty event book()" classname="dev.angzarr.examples.saga.DefaultLoyaltySagaLogicTest" time="0.0"/>
  <system-out><![CDATA[21:57:53.390 [Test worker] INFO dev.angzarr.examples.saga.DefaultLoyaltySagaLogic -- generating_add_loyalty_points transaction=0001020304050607 points=20
]]></system-out>
  <system-err><![CDATA[]]></system-err>
</testsuite>
