<?xml version="1.0" encoding="UTF-8"?>
<testsuite name="dev.angzarr.examples.saga.cucumber.CucumberTestRunner" tests="4" skipped="0" failures="0" errors="0" timestamp="2026-01-11T21:57:53" hostname="DESKTOP-GJ1OCQP" time="0.056">
  <properties/>
  <testcase name="No commands for incomplete transaction" classname="dev.angzarr.examples.saga.cucumber.CucumberTestRunner" time="0.042"/>
  <testcase name="Generate AddLoyaltyPoints command for completed transaction" classname="dev.angzarr.examples.saga.cucumber.CucumberTestRunner" time="0.005"/>
  <testcase name="No command for zero points" classname="dev.angzarr.examples.saga.cucumber.CucumberTestRunner" time="0.002"/>
  <testcase name="Command includes transaction reference in reason" classname="dev.angzarr.examples.saga.cucumber.CucumberTestRunner" time="0.005"/>
  <system-out><![CDATA[
Scenario: No commands for incomplete transaction                              ?[90m# features/saga-loyalty.feature:5?[0m
  ?[32mGiven ?[0m?[32ma TransactionCreated event with customer ?[0m?[32m?[1m"cust-001"?[0m?[32m and subtotal ?[0m?[32m?[1m2000?[0m ?[90m# void dev.angzarr.examples.saga.cucumber.LoyaltySagaStepDefinitions.transactionCreatedEvent(java.lang.String,int)?[0m
  ?[32mWhen ?[0m?[32mI process the saga?[0m                                                     ?[90m# void dev.angzarr.examples.saga.cucumber.LoyaltySagaStepDefinitions.processTheSaga()?[0m
  ?[32mThen ?[0m?[32mno commands are generated?[0m                                              ?[90m# void dev.angzarr.examples.saga.cucumber.LoyaltySagaStepDefinitions.noCommandsAreGenerated()?[0m

Scenario: Generate AddLoyaltyPoints command for completed transaction ?[90m# features/saga-loyalty.feature:10?[0m
  ?[32mGiven ?[0m?[32ma TransactionCompleted event with ?[0m?[32m?[1m20?[0m?[32m loyalty points earned?[0m    ?[90m# void dev.angzarr.examples.saga.cucumber.LoyaltySagaStepDefinitions.transactionCompletedEventWithPoints(int)?[0m
21:57:53.502 [Test worker] INFO dev.angzarr.examples.saga.DefaultLoyaltySagaLogic -- generating_add_loyalty_points transaction=0001020304050607 points=20
  ?[32mWhen ?[0m?[32mI process the saga?[0m                                             ?[90m# void dev.angzarr.examples.saga.cucumber.LoyaltySagaStepDefinitions.processTheSaga()?[0m
  ?[32mThen ?[0m?[32man AddLoyaltyPoints command is generated?[0m                       ?[90m# void dev.angzarr.examples.saga.cucumber.LoyaltySagaStepDefinitions.addLoyaltyPointsCommandIsGenerated()?[0m
  ?[32mAnd ?[0m?[32mthe command has points ?[0m?[32m?[1m20?[0m                                       ?[90m# void dev.angzarr.examples.saga.cucumber.LoyaltySagaStepDefinitions.commandHasPoints(int)?[0m
  ?[32mAnd ?[0m?[32mthe command has domain ?[0m?[32m?[1m"customer"?[0m                               ?[90m# void dev.angzarr.examples.saga.cucumber.LoyaltySagaStepDefinitions.commandHasDomain(java.lang.String)?[0m

Scenario: No command for zero points                              ?[90m# features/saga-loyalty.feature:17?[0m
  ?[32mGiven ?[0m?[32ma TransactionCompleted event with ?[0m?[32m?[1m0?[0m?[32m loyalty points earned?[0m ?[90m# void dev.angzarr.examples.saga.cucumber.LoyaltySagaStepDefinitions.transactionCompletedEventWithPoints(int)?[0m
  ?[32mWhen ?[0m?[32mI process the saga?[0m                                         ?[90m# void dev.angzarr.examples.saga.cucumber.LoyaltySagaStepDefinitions.processTheSaga()?[0m
  ?[32mThen ?[0m?[32mno commands are generated?[0m                                  ?[90m# void dev.angzarr.examples.saga.cucumber.LoyaltySagaStepDefinitions.noCommandsAreGenerated()?[0m

Scenario: Command includes transaction reference in reason         ?[90m# features/saga-loyalty.feature:22?[0m
  ?[32mGiven ?[0m?[32ma TransactionCompleted event with ?[0m?[32m?[1m50?[0m?[32m loyalty points earned?[0m ?[90m# void dev.angzarr.examples.saga.cucumber.LoyaltySagaStepDefinitions.transactionCompletedEventWithPoints(int)?[0m
21:57:53.508 [Test worker] INFO dev.angzarr.examples.saga.DefaultLoyaltySagaLogic -- generating_add_loyalty_points transaction=0001020304050607 points=50
  ?[32mWhen ?[0m?[32mI process the saga?[0m                                          ?[90m# void dev.angzarr.examples.saga.cucumber.LoyaltySagaStepDefinitions.processTheSaga()?[0m
  ?[32mThen ?[0m?[32man AddLoyaltyPoints command is generated?[0m                    ?[90m# void dev.angzarr.examples.saga.cucumber.LoyaltySagaStepDefinitions.addLoyaltyPointsCommandIsGenerated()?[0m
  ?[32mAnd ?[0m?[32mthe command reason contains ?[0m?[32m?[1m"transaction"?[0m                    ?[90m# void dev.angzarr.examples.saga.cucumber.LoyaltySagaStepDefinitions.commandReasonContains(java.lang.String)?[0m
]]></system-out>
  <system-err><![CDATA[]]></system-err>
</testsuite>
