<?xml version="1.0" encoding="UTF-8"?>
<testsuite name="dev.angzarr.examples.projector.DefaultCustomerLogProjectorLogicTest" tests="6" skipped="0" failures="0" errors="0" timestamp="2026-01-11T21:58:08" hostname="DESKTOP-GJ1OCQP" time="0.081">
  <properties/>
  <testcase name="processEvents handles multiple events()" classname="dev.angzarr.examples.projector.DefaultCustomerLogProjectorLogicTest" time="0.071"/>
  <testcase name="processEvents handles LoyaltyPointsRedeemed event()" classname="dev.angzarr.examples.projector.DefaultCustomerLogProjectorLogicTest" time="0.004"/>
  <testcase name="processEvents handles LoyaltyPointsAdded event()" classname="dev.angzarr.examples.projector.DefaultCustomerLogProjectorLogicTest" time="0.001"/>
  <testcase name="processEvents handles CustomerCreated event()" classname="dev.angzarr.examples.projector.DefaultCustomerLogProjectorLogicTest" time="0.001"/>
  <testcase name="processEvents handles unknown event type()" classname="dev.angzarr.examples.projector.DefaultCustomerLogProjectorLogicTest" time="0.001"/>
  <testcase name="processEvents returns empty for empty event book()" classname="dev.angzarr.examples.projector.DefaultCustomerLogProjectorLogicTest" time="0.001"/>
  <system-out><![CDATA[]]></system-out>
  <system-err><![CDATA[]]></system-err>
</testsuite>
