<?xml version="1.0" encoding="UTF-8"?>
<testsuite name="dev.angzarr.examples.transaction.DefaultTransactionLogicTest" tests="14" skipped="0" failures="0" errors="0" timestamp="2026-01-11T21:57:43" hostname="DESKTOP-GJ1OCQP" time="0.139">
  <properties/>
  <testcase name="handleCreateTransaction empty customerId throws()" classname="dev.angzarr.examples.transaction.DefaultTransactionLogicTest" time="0.072"/>
  <testcase name="handleCancelTransaction success()" classname="dev.angzarr.examples.transaction.DefaultTransactionLogicTest" time="0.05"/>
  <testcase name="handleCompleteTransaction success()" classname="dev.angzarr.examples.transaction.DefaultTransactionLogicTest" time="0.002"/>
  <testcase name="handleCancelTransaction not pending throws()" classname="dev.angzarr.examples.transaction.DefaultTransactionLogicTest" time="0.001"/>
  <testcase name="handleApplyDiscount success with percentage()" classname="dev.angzarr.examples.transaction.DefaultTransactionLogicTest" time="0.002"/>
  <testcase name="rebuildState with null returns empty state()" classname="dev.angzarr.examples.transaction.DefaultTransactionLogicTest" time="0.0"/>
  <testcase name="handleApplyDiscount not pending throws()" classname="dev.angzarr.examples.transaction.DefaultTransactionLogicTest" time="0.0"/>
  <testcase name="handleCompleteTransaction not pending throws()" classname="dev.angzarr.examples.transaction.DefaultTransactionLogicTest" time="0.001"/>
  <testcase name="rebuildState with TransactionCreated event()" classname="dev.angzarr.examples.transaction.DefaultTransactionLogicTest" time="0.004"/>
  <testcase name="rebuildState with completed transaction()" classname="dev.angzarr.examples.transaction.DefaultTransactionLogicTest" time="0.001"/>
  <testcase name="handleCreateTransaction success()" classname="dev.angzarr.examples.transaction.DefaultTransactionLogicTest" time="0.001"/>
  <testcase name="rebuildState with discount applied()" classname="dev.angzarr.examples.transaction.DefaultTransactionLogicTest" time="0.001"/>
  <testcase name="handleCreateTransaction already exists throws()" classname="dev.angzarr.examples.transaction.DefaultTransactionLogicTest" time="0.001"/>
  <testcase name="handleCreateTransaction empty items throws()" classname="dev.angzarr.examples.transaction.DefaultTransactionLogicTest" time="0.0"/>
  <system-out><![CDATA[21:57:43.113 [Test worker] INFO dev.angzarr.examples.transaction.DefaultTransactionLogic -- cancelling_transaction reason=customer request
21:57:43.162 [Test worker] INFO dev.angzarr.examples.transaction.DefaultTransactionLogic -- completing_transaction final_total=2000 loyalty_points=20
21:57:43.165 [Test worker] INFO dev.angzarr.examples.transaction.DefaultTransactionLogic -- applying_discount type=percentage value=10 discount_cents=200
21:57:43.174 [Test worker] INFO dev.angzarr.examples.transaction.DefaultTransactionLogic -- creating_transaction customer_id=cust-123 items=1 subtotal=2000
]]></system-out>
  <system-err><![CDATA[]]></system-err>
</testsuite>
