<?xml version="1.0" encoding="UTF-8"?>
<testsuite name="dev.angzarr.examples.projector.cucumber.CucumberTestRunner" tests="5" skipped="0" failures="0" errors="0" timestamp="2026-01-11T21:58:15" hostname="DESKTOP-GJ1OCQP" time="0.055">
  <properties/>
  <testcase name="Log CustomerCreated event" classname="dev.angzarr.examples.projector.cucumber.CucumberTestRunner" time="0.041"/>
  <testcase name="Log LoyaltyPointsAdded event" classname="dev.angzarr.examples.projector.cucumber.CucumberTestRunner" time="0.006"/>
  <testcase name="Log TransactionCreated event" classname="dev.angzarr.examples.projector.cucumber.CucumberTestRunner" time="0.003"/>
  <testcase name="Log TransactionCompleted event" classname="dev.angzarr.examples.projector.cucumber.CucumberTestRunner" time="0.003"/>
  <testcase name="Handle unknown event type gracefully" classname="dev.angzarr.examples.projector.cucumber.CucumberTestRunner" time="0.002"/>
  <system-out><![CDATA[
Scenario: Log CustomerCreated event                                             ?[90m# features/projector-log.feature:8?[0m
  ?[32mGiven ?[0m?[32ma CustomerCreated event with name ?[0m?[32m?[1m"Alice"?[0m?[32m and email ?[0m?[32m?[1m"alice@example.com"?[0m ?[90m# void dev.angzarr.examples.projector.cucumber.LogProjectorStepDefinitions.customerCreatedEvent(java.lang.String,java.lang.String)?[0m
  ?[32mWhen ?[0m?[32mI process the log projector?[0m                                              ?[90m# void dev.angzarr.examples.projector.cucumber.LogProjectorStepDefinitions.processLogProjector()?[0m
  ?[32mThen ?[0m?[32mthe event is logged successfully?[0m                                         ?[90m# void dev.angzarr.examples.projector.cucumber.LogProjectorStepDefinitions.eventIsLoggedSuccessfully()?[0m

Scenario: Log LoyaltyPointsAdded event                                 ?[90m# features/projector-log.feature:13?[0m
  ?[32mGiven ?[0m?[32ma LoyaltyPointsAdded event with ?[0m?[32m?[1m100?[0m?[32m points and new_balance ?[0m?[32m?[1m100?[0m ?[90m# void dev.angzarr.examples.projector.cucumber.LogProjectorStepDefinitions.loyaltyPointsAddedEvent(int,int)?[0m
  ?[32mWhen ?[0m?[32mI process the log projector?[0m                                     ?[90m# void dev.angzarr.examples.projector.cucumber.LogProjectorStepDefinitions.processLogProjector()?[0m
  ?[32mThen ?[0m?[32mthe event is logged successfully?[0m                                ?[90m# void dev.angzarr.examples.projector.cucumber.LogProjectorStepDefinitions.eventIsLoggedSuccessfully()?[0m

Scenario: Log TransactionCreated event                                        ?[90m# features/projector-log.feature:18?[0m
  ?[32mGiven ?[0m?[32ma TransactionCreated event with customer ?[0m?[32m?[1m"cust-001"?[0m?[32m and subtotal ?[0m?[32m?[1m2000?[0m ?[90m# void dev.angzarr.examples.projector.cucumber.LogProjectorStepDefinitions.transactionCreatedEvent(java.lang.String,int)?[0m
  ?[32mWhen ?[0m?[32mI process the log projector?[0m                                            ?[90m# void dev.angzarr.examples.projector.cucumber.LogProjectorStepDefinitions.processLogProjector()?[0m
  ?[32mThen ?[0m?[32mthe event is logged successfully?[0m                                       ?[90m# void dev.angzarr.examples.projector.cucumber.LogProjectorStepDefinitions.eventIsLoggedSuccessfully()?[0m

Scenario: Log TransactionCompleted event                                ?[90m# features/projector-log.feature:23?[0m
  ?[32mGiven ?[0m?[32ma TransactionCompleted event with total ?[0m?[32m?[1m2000?[0m?[32m and payment ?[0m?[32m?[1m"card"?[0m ?[90m# void dev.angzarr.examples.projector.cucumber.LogProjectorStepDefinitions.transactionCompletedEvent(int,java.lang.String)?[0m
  ?[32mWhen ?[0m?[32mI process the log projector?[0m                                      ?[90m# void dev.angzarr.examples.projector.cucumber.LogProjectorStepDefinitions.processLogProjector()?[0m
  ?[32mThen ?[0m?[32mthe event is logged successfully?[0m                                 ?[90m# void dev.angzarr.examples.projector.cucumber.LogProjectorStepDefinitions.eventIsLoggedSuccessfully()?[0m

Scenario: Handle unknown event type gracefully ?[90m# features/projector-log.feature:28?[0m
  ?[32mGiven ?[0m?[32man unknown event type?[0m                  ?[90m# void dev.angzarr.examples.projector.cucumber.LogProjectorStepDefinitions.unknownEventType()?[0m
  ?[32mWhen ?[0m?[32mI process the log projector?[0m             ?[90m# void dev.angzarr.examples.projector.cucumber.LogProjectorStepDefinitions.processLogProjector()?[0m
  ?[32mThen ?[0m?[32mthe event is logged as unknown?[0m          ?[90m# void dev.angzarr.examples.projector.cucumber.LogProjectorStepDefinitions.eventIsLoggedAsUnknown()?[0m
]]></system-out>
  <system-err><![CDATA[]]></system-err>
</testsuite>
