<?xml version="1.0" encoding="UTF-8"?>
<testsuite name="dev.angzarr.examples.projector.DefaultReceiptProjectorLogicTest" tests="6" skipped="0" failures="0" errors="0" timestamp="2026-01-11T21:58:01" hostname="DESKTOP-GJ1OCQP" time="0.091">
  <properties/>
  <testcase name="createProjection returns projection for completed transaction()" classname="dev.angzarr.examples.projector.DefaultReceiptProjectorLogicTest" time="0.082"/>
  <testcase name="buildState with complete transaction flow()" classname="dev.angzarr.examples.projector.DefaultReceiptProjectorLogicTest" time="0.001"/>
  <testcase name="formatReceipt contains items and totals()" classname="dev.angzarr.examples.projector.DefaultReceiptProjectorLogicTest" time="0.004"/>
  <testcase name="buildState with TransactionCreated event()" classname="dev.angzarr.examples.projector.DefaultReceiptProjectorLogicTest" time="0.001"/>
  <testcase name="buildState with empty event book returns empty state()" classname="dev.angzarr.examples.projector.DefaultReceiptProjectorLogicTest" time="0.0"/>
  <testcase name="createProjection returns null for incomplete transaction()" classname="dev.angzarr.examples.projector.DefaultReceiptProjectorLogicTest" time="0.001"/>
  <system-out><![CDATA[]]></system-out>
  <system-err><![CDATA[]]></system-err>
</testsuite>
